Build started 16/10/2011 21:18:23.
     1>Project "C:\Users\FloobieG\Desktop\Gravity_Shock\Gravity_Shock\Gravity_Shock.vcxproj" on node 2 (build target(s)).
     1>InitializeBuildStatus:
         Creating "obj\Debug\Gravity_Shock.unsuccessfulbuild" because "AlwaysCreate" was specified.
       ClCompile:
         All outputs are up-to-date.
         C:\Program Files (x86)\Microsoft Visual Studio 10.0\VC\bin\CL.exe /c /IC:\ogre\include\OGRE /Iinclude /IC:\ogre\Samples\Common\include /IC:\ogre\caelum\main\include /I"C:\ogre\hydrax\Hydrax-v0.5.1\Hydrax\src" /IC:\cegui\cegui\include /IC:\bullet\src /IC:\ogrebullet\Dynamics\include /IC:\ogrebullet\Collisions\include /IC:\ogre\include\OIS /IC:\ogre\include /IC:\ogre\boost_1_42 /ZI /nologo /W3 /WX- /Od /Oy- /D WIN32 /D _DEBUG /D _WINDOWS /D _MBCS /Gm /EHsc /RTC1 /MDd /GS /Gy /fp:fast /Zc:wchar_t /Zc:forScope /GR /Yu"StdAfx.h" /Fp"obj\Debug\Gravity_Shock.pch" /Fo"obj\Debug\\" /Fd"obj\Debug\vc100.pdb" /Gd /TP /analyze- /errorReport:prompt src\GSFrameListener.cpp /Zm200 
         GSFrameListener.cpp
       ResourceCompile:
         All outputs are up-to-date.
       ManifestResourceCompile:
         All outputs are up-to-date.
       Link:
         C:\Program Files (x86)\Microsoft Visual Studio 10.0\VC\bin\link.exe /ERRORREPORT:PROMPT /OUT:"bin\Debug\\Gravity_Shock.exe" /INCREMENTAL /NOLOGO /LIBPATH:C:\ogre\caelum\lib\debug /LIBPATH:"C:\ogre\hydrax\Hydrax-v0.5.1\Hydrax\bin\debug" /LIBPATH:C:\ogrebullet\lib\Debug /LIBPATH:C:\ogre\lib\debug /LIBPATH:C:\ogre\boost_1_42\lib /LIBPATH:C:\cegui\lib /LIBPATH:C:\ogrebullet /LIBPATH:C:\bullet\lib\Debug caelum_d.lib Hydrax.lib CEGUIOgreRenderer_d.lib CEGUIBase_d.lib OIS_d.lib OgreBulletCollisions_d.lib OgreBulletDynamics_d.lib bulletcollision.lib bulletdynamics.lib LinearMath.lib GIMPACTutils.lib ConvexDecomposition.lib OgreMain_d.lib OgreTerrain_d.lib kernel32.lib user32.lib gdi32.lib winspool.lib comdlg32.lib advapi32.lib shell32.lib ole32.lib oleaut32.lib uuid.lib odbc32.lib odbccp32.lib /MANIFEST /ManifestFile:"obj\Debug\Gravity_Shock.exe.intermediate.manifest" /MANIFESTUAC:"level='asInvoker' uiAccess='false'" /DEBUG /PDB:"bin\Debug\/Gravity_Shock.pdb" /SUBSYSTEM:CONSOLE /TLBID:1 /DYNAMICBASE /NXCOMPAT /IMPLIB:"bin\Debug\Gravity_Shock.lib" /MACHINE:X86 obj\Debug\Gravity_Shock.res
         obj\Debug\Gravity_Shock.exe.embed.manifest.res
         obj\Debug\Gravity_Shock.obj
         obj\Debug\GSFrameListener.obj
         obj\Debug\Main.obj
         obj\Debug\stdafx.obj
       Manifest:
         C:\Program Files (x86)\Microsoft SDKs\Windows\v7.0A\bin\mt.exe /nologo /verbose /out:"obj\Debug\Gravity_Shock.exe.embed.manifest" /manifest obj\Debug\Gravity_Shock.exe.intermediate.manifest
         All outputs are up-to-date.
       LinkEmbedManifest:
         All outputs are up-to-date.
         Gravity_Shock.vcxproj -> C:\Users\FloobieG\Desktop\Gravity_Shock\Gravity_Shock\bin\Debug\Gravity_Shock.exe
       PostBuildEvent:
         Description: Copying exe to samples bin directory ...
         copy "bin\Debug\\Gravity_Shock.exe" "C:\ogre\Bin\Debug"
         :VCEnd
                 1 file(s) copied.
       FinalizeBuildStatus:
         Deleting file "obj\Debug\Gravity_Shock.unsuccessfulbuild".
         Touching "obj\Debug\Gravity_Shock.lastbuildstate".
     1>Done Building Project "C:\Users\FloobieG\Desktop\Gravity_Shock\Gravity_Shock\Gravity_Shock.vcxproj" (build target(s)).

Build succeeded.

Time Elapsed 00:00:01.73
