bin\Debug\Gravity_Shock.ilk
bin\Debug\Gravity_Shock.pdb
C:\USERS\FLOOBIEG\DESKTOP\GRAVITY_SHOCK\GRAVITY_SHOCK\BIN\DEBUG\GRAVITY_SHOCK.EXE
C:\Users\FloobieG\Desktop\Gravity_Shock\Gravity_Shock\bin\Debug\Gravity_Shock.exp
C:\USERS\FLOOBIEG\DESKTOP\GRAVITY_SHOCK\GRAVITY_SHOCK\BIN\DEBUG\GRAVITY_SHOCK.ILK
C:\Users\FloobieG\Desktop\Gravity_Shock\Gravity_Shock\bin\Debug\Gravity_Shock.lib
C:\USERS\FLOOBIEG\DESKTOP\GRAVITY_SHOCK\GRAVITY_SHOCK\BIN\DEBUG\GRAVITY_SHOCK.PDB
C:\Users\FloobieG\Desktop\Gravity_Shock\Gravity_Shock\obj\Debug\cl.command.1.tlog
C:\Users\FloobieG\Desktop\Gravity_Shock\Gravity_Shock\obj\Debug\CL.read.1.tlog
C:\Users\FloobieG\Desktop\Gravity_Shock\Gravity_Shock\obj\Debug\CL.write.1.tlog
C:\USERS\FLOOBIEG\DESKTOP\GRAVITY_SHOCK\GRAVITY_SHOCK\OBJ\DEBUG\GRAVITY_SHOCK.EXE.EMBED.MANIFEST
C:\USERS\FLOOBIEG\DESKTOP\GRAVITY_SHOCK\GRAVITY_SHOCK\OBJ\DEBUG\GRAVITY_SHOCK.EXE.EMBED.MANIFEST.RES
C:\USERS\FLOOBIEG\DESKTOP\GRAVITY_SHOCK\GRAVITY_SHOCK\OBJ\DEBUG\GRAVITY_SHOCK.EXE.INTERMEDIATE.MANIFEST
C:\USERS\FLOOBIEG\DESKTOP\GRAVITY_SHOCK\GRAVITY_SHOCK\OBJ\DEBUG\GRAVITY_SHOCK.OBJ
C:\USERS\FLOOBIEG\DESKTOP\GRAVITY_SHOCK\GRAVITY_SHOCK\OBJ\DEBUG\GRAVITY_SHOCK.RES
C:\Users\FloobieG\Desktop\Gravity_Shock\Gravity_Shock\obj\Debug\Gravity_Shock.write.1.tlog
C:\Users\FloobieG\Desktop\Gravity_Shock\Gravity_Shock\obj\Debug\Gravity_Shock_manifest.rc
C:\USERS\FLOOBIEG\DESKTOP\GRAVITY_SHOCK\GRAVITY_SHOCK\OBJ\DEBUG\GSFRAMELISTENER.OBJ
C:\Users\FloobieG\Desktop\Gravity_Shock\Gravity_Shock\obj\Debug\link.1008.read.1.tlog
C:\Users\FloobieG\Desktop\Gravity_Shock\Gravity_Shock\obj\Debug\link.1008.write.1.tlog
C:\Users\FloobieG\Desktop\Gravity_Shock\Gravity_Shock\obj\Debug\link.1008-cvtres.read.1.tlog
C:\Users\FloobieG\Desktop\Gravity_Shock\Gravity_Shock\obj\Debug\link.1008-cvtres.write.1.tlog
C:\Users\FloobieG\Desktop\Gravity_Shock\Gravity_Shock\obj\Debug\link.1132.read.1.tlog
C:\Users\FloobieG\Desktop\Gravity_Shock\Gravity_Shock\obj\Debug\link.1132.write.1.tlog
C:\Users\FloobieG\Desktop\Gravity_Shock\Gravity_Shock\obj\Debug\link.1132-cvtres.read.1.tlog
C:\Users\FloobieG\Desktop\Gravity_Shock\Gravity_Shock\obj\Debug\link.1132-cvtres.write.1.tlog
C:\Users\FloobieG\Desktop\Gravity_Shock\Gravity_Shock\obj\Debug\link.2024.read.1.tlog
C:\Users\FloobieG\Desktop\Gravity_Shock\Gravity_Shock\obj\Debug\link.2024.write.1.tlog
C:\Users\FloobieG\Desktop\Gravity_Shock\Gravity_Shock\obj\Debug\link.2024-cvtres.read.1.tlog
C:\Users\FloobieG\Desktop\Gravity_Shock\Gravity_Shock\obj\Debug\link.2024-cvtres.write.1.tlog
C:\Users\FloobieG\Desktop\Gravity_Shock\Gravity_Shock\obj\Debug\link.2172.read.1.tlog
C:\Users\FloobieG\Desktop\Gravity_Shock\Gravity_Shock\obj\Debug\link.2172.write.1.tlog
C:\Users\FloobieG\Desktop\Gravity_Shock\Gravity_Shock\obj\Debug\link.2172-cvtres.read.1.tlog
C:\Users\FloobieG\Desktop\Gravity_Shock\Gravity_Shock\obj\Debug\link.2172-cvtres.write.1.tlog
C:\Users\FloobieG\Desktop\Gravity_Shock\Gravity_Shock\obj\Debug\link.2320.read.1.tlog
C:\Users\FloobieG\Desktop\Gravity_Shock\Gravity_Shock\obj\Debug\link.2320.write.1.tlog
C:\Users\FloobieG\Desktop\Gravity_Shock\Gravity_Shock\obj\Debug\link.2320-cvtres.read.1.tlog
C:\Users\FloobieG\Desktop\Gravity_Shock\Gravity_Shock\obj\Debug\link.2320-cvtres.write.1.tlog
C:\Users\FloobieG\Desktop\Gravity_Shock\Gravity_Shock\obj\Debug\link.2508.read.1.tlog
C:\Users\FloobieG\Desktop\Gravity_Shock\Gravity_Shock\obj\Debug\link.2508.write.1.tlog
C:\Users\FloobieG\Desktop\Gravity_Shock\Gravity_Shock\obj\Debug\link.2508-cvtres.read.1.tlog
C:\Users\FloobieG\Desktop\Gravity_Shock\Gravity_Shock\obj\Debug\link.2508-cvtres.write.1.tlog
C:\Users\FloobieG\Desktop\Gravity_Shock\Gravity_Shock\obj\Debug\link.2716.read.1.tlog
C:\Users\FloobieG\Desktop\Gravity_Shock\Gravity_Shock\obj\Debug\link.2716.write.1.tlog
C:\Users\FloobieG\Desktop\Gravity_Shock\Gravity_Shock\obj\Debug\link.2716-cvtres.read.1.tlog
C:\Users\FloobieG\Desktop\Gravity_Shock\Gravity_Shock\obj\Debug\link.2716-cvtres.write.1.tlog
C:\Users\FloobieG\Desktop\Gravity_Shock\Gravity_Shock\obj\Debug\link.3092.read.1.tlog
C:\Users\FloobieG\Desktop\Gravity_Shock\Gravity_Shock\obj\Debug\link.3092.write.1.tlog
C:\Users\FloobieG\Desktop\Gravity_Shock\Gravity_Shock\obj\Debug\link.3092-cvtres.read.1.tlog
C:\Users\FloobieG\Desktop\Gravity_Shock\Gravity_Shock\obj\Debug\link.3092-cvtres.write.1.tlog
C:\Users\FloobieG\Desktop\Gravity_Shock\Gravity_Shock\obj\Debug\link.3108.read.1.tlog
C:\Users\FloobieG\Desktop\Gravity_Shock\Gravity_Shock\obj\Debug\link.3108.write.1.tlog
C:\Users\FloobieG\Desktop\Gravity_Shock\Gravity_Shock\obj\Debug\link.3108-cvtres.read.1.tlog
C:\Users\FloobieG\Desktop\Gravity_Shock\Gravity_Shock\obj\Debug\link.3108-cvtres.write.1.tlog
C:\Users\FloobieG\Desktop\Gravity_Shock\Gravity_Shock\obj\Debug\link.3292.read.1.tlog
C:\Users\FloobieG\Desktop\Gravity_Shock\Gravity_Shock\obj\Debug\link.3292.write.1.tlog
C:\Users\FloobieG\Desktop\Gravity_Shock\Gravity_Shock\obj\Debug\link.3292-cvtres.read.1.tlog
C:\Users\FloobieG\Desktop\Gravity_Shock\Gravity_Shock\obj\Debug\link.3292-cvtres.write.1.tlog
C:\Users\FloobieG\Desktop\Gravity_Shock\Gravity_Shock\obj\Debug\link.3732.read.1.tlog
C:\Users\FloobieG\Desktop\Gravity_Shock\Gravity_Shock\obj\Debug\link.3732.write.1.tlog
C:\Users\FloobieG\Desktop\Gravity_Shock\Gravity_Shock\obj\Debug\link.3732-cvtres.read.1.tlog
C:\Users\FloobieG\Desktop\Gravity_Shock\Gravity_Shock\obj\Debug\link.3732-cvtres.write.1.tlog
C:\Users\FloobieG\Desktop\Gravity_Shock\Gravity_Shock\obj\Debug\link.4184.read.1.tlog
C:\Users\FloobieG\Desktop\Gravity_Shock\Gravity_Shock\obj\Debug\link.4184.write.1.tlog
C:\Users\FloobieG\Desktop\Gravity_Shock\Gravity_Shock\obj\Debug\link.4184-cvtres.read.1.tlog
C:\Users\FloobieG\Desktop\Gravity_Shock\Gravity_Shock\obj\Debug\link.4184-cvtres.write.1.tlog
C:\Users\FloobieG\Desktop\Gravity_Shock\Gravity_Shock\obj\Debug\link.4256.read.1.tlog
C:\Users\FloobieG\Desktop\Gravity_Shock\Gravity_Shock\obj\Debug\link.4256.write.1.tlog
C:\Users\FloobieG\Desktop\Gravity_Shock\Gravity_Shock\obj\Debug\link.4256-cvtres.read.1.tlog
C:\Users\FloobieG\Desktop\Gravity_Shock\Gravity_Shock\obj\Debug\link.4256-cvtres.write.1.tlog
C:\Users\FloobieG\Desktop\Gravity_Shock\Gravity_Shock\obj\Debug\link.4260.read.1.tlog
C:\Users\FloobieG\Desktop\Gravity_Shock\Gravity_Shock\obj\Debug\link.4260.write.1.tlog
C:\Users\FloobieG\Desktop\Gravity_Shock\Gravity_Shock\obj\Debug\link.4260-cvtres.read.1.tlog
C:\Users\FloobieG\Desktop\Gravity_Shock\Gravity_Shock\obj\Debug\link.4260-cvtres.write.1.tlog
C:\Users\FloobieG\Desktop\Gravity_Shock\Gravity_Shock\obj\Debug\link.4416.read.1.tlog
C:\Users\FloobieG\Desktop\Gravity_Shock\Gravity_Shock\obj\Debug\link.4416.write.1.tlog
C:\Users\FloobieG\Desktop\Gravity_Shock\Gravity_Shock\obj\Debug\link.4416-cvtres.read.1.tlog
C:\Users\FloobieG\Desktop\Gravity_Shock\Gravity_Shock\obj\Debug\link.4416-cvtres.write.1.tlog
C:\Users\FloobieG\Desktop\Gravity_Shock\Gravity_Shock\obj\Debug\link.4856.read.1.tlog
C:\Users\FloobieG\Desktop\Gravity_Shock\Gravity_Shock\obj\Debug\link.4856.write.1.tlog
C:\Users\FloobieG\Desktop\Gravity_Shock\Gravity_Shock\obj\Debug\link.4856-cvtres.read.1.tlog
C:\Users\FloobieG\Desktop\Gravity_Shock\Gravity_Shock\obj\Debug\link.4856-cvtres.write.1.tlog
C:\Users\FloobieG\Desktop\Gravity_Shock\Gravity_Shock\obj\Debug\link.4944.read.1.tlog
C:\Users\FloobieG\Desktop\Gravity_Shock\Gravity_Shock\obj\Debug\link.4944.write.1.tlog
C:\Users\FloobieG\Desktop\Gravity_Shock\Gravity_Shock\obj\Debug\link.4944-cvtres.read.1.tlog
C:\Users\FloobieG\Desktop\Gravity_Shock\Gravity_Shock\obj\Debug\link.4944-cvtres.write.1.tlog
C:\Users\FloobieG\Desktop\Gravity_Shock\Gravity_Shock\obj\Debug\link.508.read.1.tlog
C:\Users\FloobieG\Desktop\Gravity_Shock\Gravity_Shock\obj\Debug\link.508.write.1.tlog
C:\Users\FloobieG\Desktop\Gravity_Shock\Gravity_Shock\obj\Debug\link.508-cvtres.read.1.tlog
C:\Users\FloobieG\Desktop\Gravity_Shock\Gravity_Shock\obj\Debug\link.508-cvtres.write.1.tlog
C:\Users\FloobieG\Desktop\Gravity_Shock\Gravity_Shock\obj\Debug\link.5272.read.1.tlog
C:\Users\FloobieG\Desktop\Gravity_Shock\Gravity_Shock\obj\Debug\link.5272.write.1.tlog
C:\Users\FloobieG\Desktop\Gravity_Shock\Gravity_Shock\obj\Debug\link.5272-cvtres.read.1.tlog
C:\Users\FloobieG\Desktop\Gravity_Shock\Gravity_Shock\obj\Debug\link.5272-cvtres.write.1.tlog
C:\Users\FloobieG\Desktop\Gravity_Shock\Gravity_Shock\obj\Debug\link.5324.read.1.tlog
C:\Users\FloobieG\Desktop\Gravity_Shock\Gravity_Shock\obj\Debug\link.5324.write.1.tlog
C:\Users\FloobieG\Desktop\Gravity_Shock\Gravity_Shock\obj\Debug\link.5324-cvtres.read.1.tlog
C:\Users\FloobieG\Desktop\Gravity_Shock\Gravity_Shock\obj\Debug\link.5324-cvtres.write.1.tlog
C:\Users\FloobieG\Desktop\Gravity_Shock\Gravity_Shock\obj\Debug\link.5560.read.1.tlog
C:\Users\FloobieG\Desktop\Gravity_Shock\Gravity_Shock\obj\Debug\link.5560.write.1.tlog
C:\Users\FloobieG\Desktop\Gravity_Shock\Gravity_Shock\obj\Debug\link.5560-cvtres.read.1.tlog
C:\Users\FloobieG\Desktop\Gravity_Shock\Gravity_Shock\obj\Debug\link.5560-cvtres.write.1.tlog
C:\Users\FloobieG\Desktop\Gravity_Shock\Gravity_Shock\obj\Debug\link.5588.read.1.tlog
C:\Users\FloobieG\Desktop\Gravity_Shock\Gravity_Shock\obj\Debug\link.5588.write.1.tlog
C:\Users\FloobieG\Desktop\Gravity_Shock\Gravity_Shock\obj\Debug\link.5588-cvtres.read.1.tlog
C:\Users\FloobieG\Desktop\Gravity_Shock\Gravity_Shock\obj\Debug\link.5588-cvtres.write.1.tlog
C:\Users\FloobieG\Desktop\Gravity_Shock\Gravity_Shock\obj\Debug\link.5808.read.1.tlog
C:\Users\FloobieG\Desktop\Gravity_Shock\Gravity_Shock\obj\Debug\link.5808.write.1.tlog
C:\Users\FloobieG\Desktop\Gravity_Shock\Gravity_Shock\obj\Debug\link.5808-cvtres.read.1.tlog
C:\Users\FloobieG\Desktop\Gravity_Shock\Gravity_Shock\obj\Debug\link.5808-cvtres.write.1.tlog
C:\Users\FloobieG\Desktop\Gravity_Shock\Gravity_Shock\obj\Debug\link.5948.read.1.tlog
C:\Users\FloobieG\Desktop\Gravity_Shock\Gravity_Shock\obj\Debug\link.5948.write.1.tlog
C:\Users\FloobieG\Desktop\Gravity_Shock\Gravity_Shock\obj\Debug\link.5948-cvtres.read.1.tlog
C:\Users\FloobieG\Desktop\Gravity_Shock\Gravity_Shock\obj\Debug\link.5948-cvtres.write.1.tlog
C:\Users\FloobieG\Desktop\Gravity_Shock\Gravity_Shock\obj\Debug\link.6060.read.1.tlog
C:\Users\FloobieG\Desktop\Gravity_Shock\Gravity_Shock\obj\Debug\link.6060.write.1.tlog
C:\Users\FloobieG\Desktop\Gravity_Shock\Gravity_Shock\obj\Debug\link.6060-cvtres.read.1.tlog
C:\Users\FloobieG\Desktop\Gravity_Shock\Gravity_Shock\obj\Debug\link.6060-cvtres.write.1.tlog
C:\Users\FloobieG\Desktop\Gravity_Shock\Gravity_Shock\obj\Debug\link.6160.read.1.tlog
C:\Users\FloobieG\Desktop\Gravity_Shock\Gravity_Shock\obj\Debug\link.6160.write.1.tlog
C:\Users\FloobieG\Desktop\Gravity_Shock\Gravity_Shock\obj\Debug\link.6160-cvtres.read.1.tlog
C:\Users\FloobieG\Desktop\Gravity_Shock\Gravity_Shock\obj\Debug\link.6160-cvtres.write.1.tlog
C:\Users\FloobieG\Desktop\Gravity_Shock\Gravity_Shock\obj\Debug\link.6220.read.1.tlog
C:\Users\FloobieG\Desktop\Gravity_Shock\Gravity_Shock\obj\Debug\link.6220.write.1.tlog
C:\Users\FloobieG\Desktop\Gravity_Shock\Gravity_Shock\obj\Debug\link.6220-cvtres.read.1.tlog
C:\Users\FloobieG\Desktop\Gravity_Shock\Gravity_Shock\obj\Debug\link.6220-cvtres.write.1.tlog
C:\Users\FloobieG\Desktop\Gravity_Shock\Gravity_Shock\obj\Debug\link.6260.read.1.tlog
C:\Users\FloobieG\Desktop\Gravity_Shock\Gravity_Shock\obj\Debug\link.6260.write.1.tlog
C:\Users\FloobieG\Desktop\Gravity_Shock\Gravity_Shock\obj\Debug\link.6260-cvtres.read.1.tlog
C:\Users\FloobieG\Desktop\Gravity_Shock\Gravity_Shock\obj\Debug\link.6260-cvtres.write.1.tlog
C:\Users\FloobieG\Desktop\Gravity_Shock\Gravity_Shock\obj\Debug\link.6268.read.1.tlog
C:\Users\FloobieG\Desktop\Gravity_Shock\Gravity_Shock\obj\Debug\link.6268.write.1.tlog
C:\Users\FloobieG\Desktop\Gravity_Shock\Gravity_Shock\obj\Debug\link.6268-cvtres.read.1.tlog
C:\Users\FloobieG\Desktop\Gravity_Shock\Gravity_Shock\obj\Debug\link.6268-cvtres.write.1.tlog
C:\Users\FloobieG\Desktop\Gravity_Shock\Gravity_Shock\obj\Debug\link.6288.read.1.tlog
C:\Users\FloobieG\Desktop\Gravity_Shock\Gravity_Shock\obj\Debug\link.6288.write.1.tlog
C:\Users\FloobieG\Desktop\Gravity_Shock\Gravity_Shock\obj\Debug\link.6288-cvtres.read.1.tlog
C:\Users\FloobieG\Desktop\Gravity_Shock\Gravity_Shock\obj\Debug\link.6288-cvtres.write.1.tlog
C:\Users\FloobieG\Desktop\Gravity_Shock\Gravity_Shock\obj\Debug\link.6384.read.1.tlog
C:\Users\FloobieG\Desktop\Gravity_Shock\Gravity_Shock\obj\Debug\link.6384.write.1.tlog
C:\Users\FloobieG\Desktop\Gravity_Shock\Gravity_Shock\obj\Debug\link.6384-cvtres.read.1.tlog
C:\Users\FloobieG\Desktop\Gravity_Shock\Gravity_Shock\obj\Debug\link.6384-cvtres.write.1.tlog
C:\Users\FloobieG\Desktop\Gravity_Shock\Gravity_Shock\obj\Debug\link.6548.read.1.tlog
C:\Users\FloobieG\Desktop\Gravity_Shock\Gravity_Shock\obj\Debug\link.6548.write.1.tlog
C:\Users\FloobieG\Desktop\Gravity_Shock\Gravity_Shock\obj\Debug\link.6548-cvtres.read.1.tlog
C:\Users\FloobieG\Desktop\Gravity_Shock\Gravity_Shock\obj\Debug\link.6548-cvtres.write.1.tlog
C:\Users\FloobieG\Desktop\Gravity_Shock\Gravity_Shock\obj\Debug\link.6568.read.1.tlog
C:\Users\FloobieG\Desktop\Gravity_Shock\Gravity_Shock\obj\Debug\link.6568.write.1.tlog
C:\Users\FloobieG\Desktop\Gravity_Shock\Gravity_Shock\obj\Debug\link.6568-cvtres.read.1.tlog
C:\Users\FloobieG\Desktop\Gravity_Shock\Gravity_Shock\obj\Debug\link.6568-cvtres.write.1.tlog
C:\Users\FloobieG\Desktop\Gravity_Shock\Gravity_Shock\obj\Debug\link.6624.read.1.tlog
C:\Users\FloobieG\Desktop\Gravity_Shock\Gravity_Shock\obj\Debug\link.6624.write.1.tlog
C:\Users\FloobieG\Desktop\Gravity_Shock\Gravity_Shock\obj\Debug\link.6624-cvtres.read.1.tlog
C:\Users\FloobieG\Desktop\Gravity_Shock\Gravity_Shock\obj\Debug\link.6624-cvtres.write.1.tlog
C:\Users\FloobieG\Desktop\Gravity_Shock\Gravity_Shock\obj\Debug\link.6672.read.1.tlog
C:\Users\FloobieG\Desktop\Gravity_Shock\Gravity_Shock\obj\Debug\link.6672.write.1.tlog
C:\Users\FloobieG\Desktop\Gravity_Shock\Gravity_Shock\obj\Debug\link.6672-cvtres.read.1.tlog
C:\Users\FloobieG\Desktop\Gravity_Shock\Gravity_Shock\obj\Debug\link.6672-cvtres.write.1.tlog
C:\Users\FloobieG\Desktop\Gravity_Shock\Gravity_Shock\obj\Debug\link.6752.read.1.tlog
C:\Users\FloobieG\Desktop\Gravity_Shock\Gravity_Shock\obj\Debug\link.6752.write.1.tlog
C:\Users\FloobieG\Desktop\Gravity_Shock\Gravity_Shock\obj\Debug\link.6752-cvtres.read.1.tlog
C:\Users\FloobieG\Desktop\Gravity_Shock\Gravity_Shock\obj\Debug\link.6752-cvtres.write.1.tlog
C:\Users\FloobieG\Desktop\Gravity_Shock\Gravity_Shock\obj\Debug\link.6772.read.1.tlog
C:\Users\FloobieG\Desktop\Gravity_Shock\Gravity_Shock\obj\Debug\link.6772.write.1.tlog
C:\Users\FloobieG\Desktop\Gravity_Shock\Gravity_Shock\obj\Debug\link.6772-cvtres.read.1.tlog
C:\Users\FloobieG\Desktop\Gravity_Shock\Gravity_Shock\obj\Debug\link.6772-cvtres.write.1.tlog
C:\Users\FloobieG\Desktop\Gravity_Shock\Gravity_Shock\obj\Debug\link.6832.read.1.tlog
C:\Users\FloobieG\Desktop\Gravity_Shock\Gravity_Shock\obj\Debug\link.6832.write.1.tlog
C:\Users\FloobieG\Desktop\Gravity_Shock\Gravity_Shock\obj\Debug\link.6832-cvtres.read.1.tlog
C:\Users\FloobieG\Desktop\Gravity_Shock\Gravity_Shock\obj\Debug\link.6832-cvtres.write.1.tlog
C:\Users\FloobieG\Desktop\Gravity_Shock\Gravity_Shock\obj\Debug\link.6848.read.1.tlog
C:\Users\FloobieG\Desktop\Gravity_Shock\Gravity_Shock\obj\Debug\link.6848.write.1.tlog
C:\Users\FloobieG\Desktop\Gravity_Shock\Gravity_Shock\obj\Debug\link.6848-cvtres.read.1.tlog
C:\Users\FloobieG\Desktop\Gravity_Shock\Gravity_Shock\obj\Debug\link.6848-cvtres.write.1.tlog
C:\Users\FloobieG\Desktop\Gravity_Shock\Gravity_Shock\obj\Debug\link.6884.read.1.tlog
C:\Users\FloobieG\Desktop\Gravity_Shock\Gravity_Shock\obj\Debug\link.6884.write.1.tlog
C:\Users\FloobieG\Desktop\Gravity_Shock\Gravity_Shock\obj\Debug\link.6884-cvtres.read.1.tlog
C:\Users\FloobieG\Desktop\Gravity_Shock\Gravity_Shock\obj\Debug\link.6884-cvtres.write.1.tlog
C:\Users\FloobieG\Desktop\Gravity_Shock\Gravity_Shock\obj\Debug\link.7108.read.1.tlog
C:\Users\FloobieG\Desktop\Gravity_Shock\Gravity_Shock\obj\Debug\link.7108.write.1.tlog
C:\Users\FloobieG\Desktop\Gravity_Shock\Gravity_Shock\obj\Debug\link.7108-cvtres.read.1.tlog
C:\Users\FloobieG\Desktop\Gravity_Shock\Gravity_Shock\obj\Debug\link.7108-cvtres.write.1.tlog
C:\Users\FloobieG\Desktop\Gravity_Shock\Gravity_Shock\obj\Debug\link.7132.read.1.tlog
C:\Users\FloobieG\Desktop\Gravity_Shock\Gravity_Shock\obj\Debug\link.7132.write.1.tlog
C:\Users\FloobieG\Desktop\Gravity_Shock\Gravity_Shock\obj\Debug\link.7132-cvtres.read.1.tlog
C:\Users\FloobieG\Desktop\Gravity_Shock\Gravity_Shock\obj\Debug\link.7132-cvtres.write.1.tlog
C:\Users\FloobieG\Desktop\Gravity_Shock\Gravity_Shock\obj\Debug\link.7136.read.1.tlog
C:\Users\FloobieG\Desktop\Gravity_Shock\Gravity_Shock\obj\Debug\link.7136.write.1.tlog
C:\Users\FloobieG\Desktop\Gravity_Shock\Gravity_Shock\obj\Debug\link.7136-cvtres.read.1.tlog
C:\Users\FloobieG\Desktop\Gravity_Shock\Gravity_Shock\obj\Debug\link.7136-cvtres.write.1.tlog
C:\Users\FloobieG\Desktop\Gravity_Shock\Gravity_Shock\obj\Debug\link.7152.read.1.tlog
C:\Users\FloobieG\Desktop\Gravity_Shock\Gravity_Shock\obj\Debug\link.7152.write.1.tlog
C:\Users\FloobieG\Desktop\Gravity_Shock\Gravity_Shock\obj\Debug\link.7152-cvtres.read.1.tlog
C:\Users\FloobieG\Desktop\Gravity_Shock\Gravity_Shock\obj\Debug\link.7152-cvtres.write.1.tlog
C:\Users\FloobieG\Desktop\Gravity_Shock\Gravity_Shock\obj\Debug\link.740.read.1.tlog
C:\Users\FloobieG\Desktop\Gravity_Shock\Gravity_Shock\obj\Debug\link.740.write.1.tlog
C:\Users\FloobieG\Desktop\Gravity_Shock\Gravity_Shock\obj\Debug\link.740-cvtres.read.1.tlog
C:\Users\FloobieG\Desktop\Gravity_Shock\Gravity_Shock\obj\Debug\link.740-cvtres.write.1.tlog
C:\Users\FloobieG\Desktop\Gravity_Shock\Gravity_Shock\obj\Debug\link.7476.read.1.tlog
C:\Users\FloobieG\Desktop\Gravity_Shock\Gravity_Shock\obj\Debug\link.7476.write.1.tlog
C:\Users\FloobieG\Desktop\Gravity_Shock\Gravity_Shock\obj\Debug\link.7476-cvtres.read.1.tlog
C:\Users\FloobieG\Desktop\Gravity_Shock\Gravity_Shock\obj\Debug\link.7476-cvtres.write.1.tlog
C:\Users\FloobieG\Desktop\Gravity_Shock\Gravity_Shock\obj\Debug\link.752.read.1.tlog
C:\Users\FloobieG\Desktop\Gravity_Shock\Gravity_Shock\obj\Debug\link.752.write.1.tlog
C:\Users\FloobieG\Desktop\Gravity_Shock\Gravity_Shock\obj\Debug\link.752-cvtres.read.1.tlog
C:\Users\FloobieG\Desktop\Gravity_Shock\Gravity_Shock\obj\Debug\link.752-cvtres.write.1.tlog
C:\Users\FloobieG\Desktop\Gravity_Shock\Gravity_Shock\obj\Debug\link.7532.read.1.tlog
C:\Users\FloobieG\Desktop\Gravity_Shock\Gravity_Shock\obj\Debug\link.7532.write.1.tlog
C:\Users\FloobieG\Desktop\Gravity_Shock\Gravity_Shock\obj\Debug\link.7532-cvtres.read.1.tlog
C:\Users\FloobieG\Desktop\Gravity_Shock\Gravity_Shock\obj\Debug\link.7532-cvtres.write.1.tlog
C:\Users\FloobieG\Desktop\Gravity_Shock\Gravity_Shock\obj\Debug\link.7700.read.1.tlog
C:\Users\FloobieG\Desktop\Gravity_Shock\Gravity_Shock\obj\Debug\link.7700.write.1.tlog
C:\Users\FloobieG\Desktop\Gravity_Shock\Gravity_Shock\obj\Debug\link.7700-cvtres.read.1.tlog
C:\Users\FloobieG\Desktop\Gravity_Shock\Gravity_Shock\obj\Debug\link.7700-cvtres.write.1.tlog
C:\Users\FloobieG\Desktop\Gravity_Shock\Gravity_Shock\obj\Debug\link.8012.read.1.tlog
C:\Users\FloobieG\Desktop\Gravity_Shock\Gravity_Shock\obj\Debug\link.8012.write.1.tlog
C:\Users\FloobieG\Desktop\Gravity_Shock\Gravity_Shock\obj\Debug\link.8012-cvtres.read.1.tlog
C:\Users\FloobieG\Desktop\Gravity_Shock\Gravity_Shock\obj\Debug\link.8012-cvtres.write.1.tlog
C:\Users\FloobieG\Desktop\Gravity_Shock\Gravity_Shock\obj\Debug\link.8152.read.1.tlog
C:\Users\FloobieG\Desktop\Gravity_Shock\Gravity_Shock\obj\Debug\link.8152.write.1.tlog
C:\Users\FloobieG\Desktop\Gravity_Shock\Gravity_Shock\obj\Debug\link.8152-cvtres.read.1.tlog
C:\Users\FloobieG\Desktop\Gravity_Shock\Gravity_Shock\obj\Debug\link.8152-cvtres.write.1.tlog
C:\Users\FloobieG\Desktop\Gravity_Shock\Gravity_Shock\obj\Debug\link.command.1.tlog
C:\Users\FloobieG\Desktop\Gravity_Shock\Gravity_Shock\obj\Debug\link.read.1.tlog
C:\Users\FloobieG\Desktop\Gravity_Shock\Gravity_Shock\obj\Debug\link.write.1.tlog
C:\Users\FloobieG\Desktop\Gravity_Shock\Gravity_Shock\obj\Debug\link-cvtres.read.1.tlog
C:\Users\FloobieG\Desktop\Gravity_Shock\Gravity_Shock\obj\Debug\link-cvtres.write.1.tlog
C:\USERS\FLOOBIEG\DESKTOP\GRAVITY_SHOCK\GRAVITY_SHOCK\OBJ\DEBUG\MAIN.OBJ
C:\Users\FloobieG\Desktop\Gravity_Shock\Gravity_Shock\obj\Debug\mt.command.1.tlog
C:\Users\FloobieG\Desktop\Gravity_Shock\Gravity_Shock\obj\Debug\mt.read.1.tlog
C:\Users\FloobieG\Desktop\Gravity_Shock\Gravity_Shock\obj\Debug\mt.write.1.tlog
C:\Users\FloobieG\Desktop\Gravity_Shock\Gravity_Shock\obj\Debug\rc.command.1.tlog
C:\Users\FloobieG\Desktop\Gravity_Shock\Gravity_Shock\obj\Debug\rc.read.1.tlog
C:\Users\FloobieG\Desktop\Gravity_Shock\Gravity_Shock\obj\Debug\rc.write.1.tlog
C:\Users\FloobieG\Desktop\Gravity_Shock\Gravity_Shock\obj\Debug\vc100.idb
C:\USERS\FLOOBIEG\DESKTOP\GRAVITY_SHOCK\GRAVITY_SHOCK\OBJ\DEBUG\VC100.PDB
