08/12/2011 11:58:47 (Std) 	+-+-+-+-+-+-+-+-+-+-+-+-+-+-+-+-+-+-+-+-+-+-+-+-+-+-+-+-+-+-+-+-+-+-+-+-+-+-+-+
08/12/2011 11:58:47 (Std) 	+                     Crazy Eddie's GUI System - Event log                    +
08/12/2011 11:58:47 (Std) 	+                          (http://www.cegui.org.uk/)                         +
08/12/2011 11:58:47 (Std) 	+-+-+-+-+-+-+-+-+-+-+-+-+-+-+-+-+-+-+-+-+-+-+-+-+-+-+-+-+-+-+-+-+-+-+-+-+-+-+-+

08/12/2011 11:58:47 (Std) 	CEGUI::Logger singleton created. (02DFBCE0)
08/12/2011 11:58:47 (Std) 	
08/12/2011 11:58:47 (Std) 	********************************************************************************
08/12/2011 11:58:47 (Std) 	* Important:                                                                   *
08/12/2011 11:58:47 (Std) 	*     To get support at the CEGUI forums, you must post _at least_ the section *
08/12/2011 11:58:47 (Std) 	*     of this log file indicated below.  Failure to do this will result in no  *
08/12/2011 11:58:47 (Std) 	*     support being given; please do not waste our time.                       *
08/12/2011 11:58:47 (Std) 	********************************************************************************
08/12/2011 11:58:47 (Std) 	********************************************************************************
08/12/2011 11:58:47 (Std) 	* -------- START OF ESSENTIAL SECTION TO BE POSTED ON THE FORUM       -------- *
08/12/2011 11:58:47 (Std) 	********************************************************************************
08/12/2011 11:58:47 (Std) 	---- Version 0.7.5 (Build: Sep 29 2011 Microsoft Windows MSVC++ 10.0 32 bit) ----
08/12/2011 11:58:47 (Std) 	---- Renderer module is: CEGUI::OgreRenderer - Official OGRE based 2nd generation renderer module. ----
08/12/2011 11:58:47 (Std) 	---- XML Parser module is: CEGUI::ExpatParser - Official expat based parser module for CEGUI ----
08/12/2011 11:58:47 (Std) 	---- Image Codec module is: OgreImageCodec - Integrated ImageCodec using the Ogre engine. ----
08/12/2011 11:58:47 (Std) 	---- Scripting module is: None ----
08/12/2011 11:58:47 (Std) 	********************************************************************************
08/12/2011 11:58:47 (Std) 	* -------- END OF ESSENTIAL SECTION TO BE POSTED ON THE FORUM         -------- *
08/12/2011 11:58:47 (Std) 	********************************************************************************
08/12/2011 11:58:47 (Std) 	
08/12/2011 11:58:47 (Std) 	---- Begining CEGUI System initialisation ----
08/12/2011 11:58:47 (Std) 	CEGUI::ImagesetManager singleton created (02DFBBF0)
08/12/2011 11:58:47 (Std) 	CEGUI::FontManager singleton created. (0B3509B0)
08/12/2011 11:58:47 (Std) 	CEGUI::WindowFactoryManager singleton created
08/12/2011 11:58:47 (Std) 	CEGUI::WindowManager singleton created (0B3500A0)
08/12/2011 11:58:47 (Std) 	CEGUI::SchemeManager singleton created. (0B3512B0)
08/12/2011 11:58:47 (Std) 	CEGUI::MouseCursor singleton created. (0B351520)
08/12/2011 11:58:47 (Std) 	CEGUI::GlobalEventSet singleton created. (02DFBE58)
08/12/2011 11:58:47 (Std) 	CEGUI::AnimationManager singleton created (0B350B58)
08/12/2011 11:58:47 (Std) 	CEGUI::WidgetLookManager singleton created. (0B353400)
08/12/2011 11:58:47 (Std) 	CEGUI::WindowRendererManager singleton created (0B353310)
08/12/2011 11:58:47 (Std) 	CEGUI::RenderEffectManager singleton created (0B3536B0)
08/12/2011 11:58:47 (Std) 	Created WindowFactory for 'DefaultWindow' windows.
08/12/2011 11:58:47 (Std) 	WindowFactory for 'DefaultWindow' windows added. (0B354250)
08/12/2011 11:58:47 (Std) 	Created WindowFactory for 'DragContainer' windows.
08/12/2011 11:58:47 (Std) 	WindowFactory for 'DragContainer' windows added. (0B3543D0)
08/12/2011 11:58:47 (Std) 	Created WindowFactory for 'ScrolledContainer' windows.
08/12/2011 11:58:47 (Std) 	WindowFactory for 'ScrolledContainer' windows added. (0B354550)
08/12/2011 11:58:47 (Std) 	Created WindowFactory for 'ClippedContainer' windows.
08/12/2011 11:58:47 (Std) 	WindowFactory for 'ClippedContainer' windows added. (0B3546D0)
08/12/2011 11:58:47 (Std) 	Created WindowFactory for 'CEGUI/Checkbox' windows.
08/12/2011 11:58:47 (Std) 	WindowFactory for 'CEGUI/Checkbox' windows added. (0B354850)
08/12/2011 11:58:47 (Std) 	Created WindowFactory for 'CEGUI/PushButton' windows.
08/12/2011 11:58:47 (Std) 	WindowFactory for 'CEGUI/PushButton' windows added. (0B3549D0)
08/12/2011 11:58:47 (Std) 	Created WindowFactory for 'CEGUI/RadioButton' windows.
08/12/2011 11:58:47 (Std) 	WindowFactory for 'CEGUI/RadioButton' windows added. (0B354C70)
08/12/2011 11:58:47 (Std) 	Created WindowFactory for 'CEGUI/Combobox' windows.
08/12/2011 11:58:47 (Std) 	WindowFactory for 'CEGUI/Combobox' windows added. (0B354D28)
08/12/2011 11:58:47 (Std) 	Created WindowFactory for 'CEGUI/ComboDropList' windows.
08/12/2011 11:58:47 (Std) 	WindowFactory for 'CEGUI/ComboDropList' windows added. (0B354EA8)
08/12/2011 11:58:47 (Std) 	Created WindowFactory for 'CEGUI/Editbox' windows.
08/12/2011 11:58:47 (Std) 	WindowFactory for 'CEGUI/Editbox' windows added. (02E4A298)
08/12/2011 11:58:47 (Std) 	Created WindowFactory for 'CEGUI/FrameWindow' windows.
08/12/2011 11:58:47 (Std) 	WindowFactory for 'CEGUI/FrameWindow' windows added. (02E4A418)
08/12/2011 11:58:47 (Std) 	Created WindowFactory for 'CEGUI/ItemEntry' windows.
08/12/2011 11:58:47 (Std) 	WindowFactory for 'CEGUI/ItemEntry' windows added. (02E4A598)
08/12/2011 11:58:47 (Std) 	Created WindowFactory for 'CEGUI/Listbox' windows.
08/12/2011 11:58:47 (Std) 	WindowFactory for 'CEGUI/Listbox' windows added. (02E4A718)
08/12/2011 11:58:47 (Std) 	Created WindowFactory for 'CEGUI/ListHeader' windows.
08/12/2011 11:58:47 (Std) 	WindowFactory for 'CEGUI/ListHeader' windows added. (02E4A898)
08/12/2011 11:58:47 (Std) 	Created WindowFactory for 'CEGUI/ListHeaderSegment' windows.
08/12/2011 11:58:47 (Std) 	WindowFactory for 'CEGUI/ListHeaderSegment' windows added. (02E4AA18)
08/12/2011 11:58:47 (Std) 	Created WindowFactory for 'CEGUI/Menubar' windows.
08/12/2011 11:58:47 (Std) 	WindowFactory for 'CEGUI/Menubar' windows added. (02E4AB98)
08/12/2011 11:58:47 (Std) 	Created WindowFactory for 'CEGUI/PopupMenu' windows.
08/12/2011 11:58:47 (Std) 	WindowFactory for 'CEGUI/PopupMenu' windows added. (02E4AD18)
08/12/2011 11:58:47 (Std) 	Created WindowFactory for 'CEGUI/MenuItem' windows.
08/12/2011 11:58:47 (Std) 	WindowFactory for 'CEGUI/MenuItem' windows added. (02E4AE98)
08/12/2011 11:58:47 (Std) 	Created WindowFactory for 'CEGUI/MultiColumnList' windows.
08/12/2011 11:58:47 (Std) 	WindowFactory for 'CEGUI/MultiColumnList' windows added. (02E4B018)
08/12/2011 11:58:47 (Std) 	Created WindowFactory for 'CEGUI/MultiLineEditbox' windows.
08/12/2011 11:58:47 (Std) 	WindowFactory for 'CEGUI/MultiLineEditbox' windows added. (02E4B198)
08/12/2011 11:58:47 (Std) 	Created WindowFactory for 'CEGUI/ProgressBar' windows.
08/12/2011 11:58:47 (Std) 	WindowFactory for 'CEGUI/ProgressBar' windows added. (02E4B318)
08/12/2011 11:58:47 (Std) 	Created WindowFactory for 'CEGUI/ScrollablePane' windows.
08/12/2011 11:58:47 (Std) 	WindowFactory for 'CEGUI/ScrollablePane' windows added. (02E4B498)
08/12/2011 11:58:47 (Std) 	Created WindowFactory for 'CEGUI/Scrollbar' windows.
08/12/2011 11:58:47 (Std) 	WindowFactory for 'CEGUI/Scrollbar' windows added. (02E4B618)
08/12/2011 11:58:47 (Std) 	Created WindowFactory for 'CEGUI/Slider' windows.
08/12/2011 11:58:47 (Std) 	WindowFactory for 'CEGUI/Slider' windows added. (02E4B798)
08/12/2011 11:58:47 (Std) 	Created WindowFactory for 'CEGUI/Spinner' windows.
08/12/2011 11:58:47 (Std) 	WindowFactory for 'CEGUI/Spinner' windows added. (02E4B918)
08/12/2011 11:58:47 (Std) 	Created WindowFactory for 'CEGUI/TabButton' windows.
08/12/2011 11:58:47 (Std) 	WindowFactory for 'CEGUI/TabButton' windows added. (02E4BA98)
08/12/2011 11:58:47 (Std) 	Created WindowFactory for 'CEGUI/TabControl' windows.
08/12/2011 11:58:47 (Std) 	WindowFactory for 'CEGUI/TabControl' windows added. (02E4BC18)
08/12/2011 11:58:47 (Std) 	Created WindowFactory for 'CEGUI/Thumb' windows.
08/12/2011 11:58:47 (Std) 	WindowFactory for 'CEGUI/Thumb' windows added. (02E4BD98)
08/12/2011 11:58:47 (Std) 	Created WindowFactory for 'CEGUI/Titlebar' windows.
08/12/2011 11:58:47 (Std) 	WindowFactory for 'CEGUI/Titlebar' windows added. (02E4BF18)
08/12/2011 11:58:47 (Std) 	Created WindowFactory for 'CEGUI/Tooltip' windows.
08/12/2011 11:58:47 (Std) 	WindowFactory for 'CEGUI/Tooltip' windows added. (02E4C158)
08/12/2011 11:58:47 (Std) 	Created WindowFactory for 'CEGUI/ItemListbox' windows.
08/12/2011 11:58:47 (Std) 	WindowFactory for 'CEGUI/ItemListbox' windows added. (02E4C2D8)
08/12/2011 11:58:47 (Std) 	Created WindowFactory for 'CEGUI/GroupBox' windows.
08/12/2011 11:58:47 (Std) 	WindowFactory for 'CEGUI/GroupBox' windows added. (02E4C458)
08/12/2011 11:58:47 (Std) 	Created WindowFactory for 'CEGUI/Tree' windows.
08/12/2011 11:58:47 (Std) 	WindowFactory for 'CEGUI/Tree' windows added. (02E4C5D8)
08/12/2011 11:58:47 (Std) 	Created WindowFactory for 'HorizontalLayoutContainer' windows.
08/12/2011 11:58:47 (Std) 	WindowFactory for 'HorizontalLayoutContainer' windows added. (02E4C758)
08/12/2011 11:58:47 (Std) 	Created WindowFactory for 'VerticalLayoutContainer' windows.
08/12/2011 11:58:47 (Std) 	WindowFactory for 'VerticalLayoutContainer' windows added. (02E4C8D8)
08/12/2011 11:58:47 (Std) 	Created WindowFactory for 'GridLayoutContainer' windows.
08/12/2011 11:58:47 (Std) 	WindowFactory for 'GridLayoutContainer' windows added. (02E4CA58)
08/12/2011 11:58:47 (Std) 	Window type alias named 'DefaultGUISheet' added for window type 'DefaultWindow'.
08/12/2011 11:58:47 (Std) 	CEGUI::System singleton created. (02DFB8B8)
08/12/2011 11:58:47 (Std) 	---- CEGUI System initialisation completed ----
08/12/2011 11:58:47 (Std) 	
08/12/2011 11:58:47 (Std) 	Started creation of Scheme from XML specification:
08/12/2011 11:58:47 (Std) 	---- CEGUI GUIScheme name: WindowsLookSkin
08/12/2011 11:58:47 (Std) 	Started creation of Imageset from XML specification:
08/12/2011 11:58:47 (Std) 	---- CEGUI Imageset name: WindowsLook
08/12/2011 11:58:47 (Std) 	---- Source texture file: WindowsLook.tga in resource group: (Default)
08/12/2011 11:58:47 (Std) 	===== Falagard 'root' element: look and feel parsing begins =====
08/12/2011 11:58:48 (Std) 	===== Look and feel parsing completed =====
08/12/2011 11:58:48 (Std) 	No window renderer factories specified for module 'CEGUIFalagardWRBase' - adding all available factories...
08/12/2011 11:58:48 (Std) 	Created WindowRendererFactory for 'Falagard/Button' WindowRenderers.
08/12/2011 11:58:48 (Std) 	WindowRendererFactory 'Falagard/Button' added. (02DFCD28)
08/12/2011 11:58:48 (Std) 	Created WindowRendererFactory for 'Falagard/Default' WindowRenderers.
08/12/2011 11:58:48 (Std) 	WindowRendererFactory 'Falagard/Default' added. (0B359AB0)
08/12/2011 11:58:48 (Std) 	Created WindowRendererFactory for 'Falagard/Editbox' WindowRenderers.
08/12/2011 11:58:48 (Std) 	WindowRendererFactory 'Falagard/Editbox' added. (0B43CF00)
08/12/2011 11:58:48 (Std) 	Created WindowRendererFactory for 'Falagard/FrameWindow' WindowRenderers.
08/12/2011 11:58:48 (Std) 	WindowRendererFactory 'Falagard/FrameWindow' added. (02DFDD10)
08/12/2011 11:58:48 (Std) 	Created WindowRendererFactory for 'Falagard/ItemEntry' WindowRenderers.
08/12/2011 11:58:48 (Std) 	WindowRendererFactory 'Falagard/ItemEntry' added. (0B4038F0)
08/12/2011 11:58:48 (Std) 	Created WindowRendererFactory for 'Falagard/ListHeader' WindowRenderers.
08/12/2011 11:58:48 (Std) 	WindowRendererFactory 'Falagard/ListHeader' added. (0B454A80)
08/12/2011 11:58:48 (Std) 	Created WindowRendererFactory for 'Falagard/ListHeaderSegment' WindowRenderers.
08/12/2011 11:58:48 (Std) 	WindowRendererFactory 'Falagard/ListHeaderSegment' added. (02DFDA30)
08/12/2011 11:58:48 (Std) 	Created WindowRendererFactory for 'Falagard/Listbox' WindowRenderers.
08/12/2011 11:58:48 (Std) 	WindowRendererFactory 'Falagard/Listbox' added. (0B453C38)
08/12/2011 11:58:48 (Std) 	Created WindowRendererFactory for 'Falagard/Menubar' WindowRenderers.
08/12/2011 11:58:48 (Std) 	WindowRendererFactory 'Falagard/Menubar' added. (02DFDFF0)
08/12/2011 11:58:48 (Std) 	Created WindowRendererFactory for 'Falagard/MenuItem' WindowRenderers.
08/12/2011 11:58:48 (Std) 	WindowRendererFactory 'Falagard/MenuItem' added. (0B429E58)
08/12/2011 11:58:48 (Std) 	Created WindowRendererFactory for 'Falagard/MultiColumnList' WindowRenderers.
08/12/2011 11:58:48 (Std) 	WindowRendererFactory 'Falagard/MultiColumnList' added. (0B429F10)
08/12/2011 11:58:48 (Std) 	Created WindowRendererFactory for 'Falagard/MultiLineEditbox' WindowRenderers.
08/12/2011 11:58:48 (Std) 	WindowRendererFactory 'Falagard/MultiLineEditbox' added. (0B4626F0)
08/12/2011 11:58:48 (Std) 	Created WindowRendererFactory for 'Falagard/PopupMenu' WindowRenderers.
08/12/2011 11:58:48 (Std) 	WindowRendererFactory 'Falagard/PopupMenu' added. (0B45EAE8)
08/12/2011 11:58:48 (Std) 	Created WindowRendererFactory for 'Falagard/ProgressBar' WindowRenderers.
08/12/2011 11:58:48 (Std) 	WindowRendererFactory 'Falagard/ProgressBar' added. (0B45EC68)
08/12/2011 11:58:48 (Std) 	Created WindowRendererFactory for 'Falagard/ScrollablePane' WindowRenderers.
08/12/2011 11:58:48 (Std) 	WindowRendererFactory 'Falagard/ScrollablePane' added. (0B45EDE8)
08/12/2011 11:58:48 (Std) 	Created WindowRendererFactory for 'Falagard/Scrollbar' WindowRenderers.
08/12/2011 11:58:48 (Std) 	WindowRendererFactory 'Falagard/Scrollbar' added. (0B45EF68)
08/12/2011 11:58:48 (Std) 	Created WindowRendererFactory for 'Falagard/Slider' WindowRenderers.
08/12/2011 11:58:48 (Std) 	WindowRendererFactory 'Falagard/Slider' added. (0B45F0E8)
08/12/2011 11:58:48 (Std) 	Created WindowRendererFactory for 'Falagard/Static' WindowRenderers.
08/12/2011 11:58:48 (Std) 	WindowRendererFactory 'Falagard/Static' added. (0B45F268)
08/12/2011 11:58:48 (Std) 	Created WindowRendererFactory for 'Falagard/StaticImage' WindowRenderers.
08/12/2011 11:58:48 (Std) 	WindowRendererFactory 'Falagard/StaticImage' added. (02E03B20)
08/12/2011 11:58:48 (Std) 	Created WindowRendererFactory for 'Falagard/StaticText' WindowRenderers.
08/12/2011 11:58:48 (Std) 	WindowRendererFactory 'Falagard/StaticText' added. (02E03CA0)
08/12/2011 11:58:48 (Std) 	Created WindowRendererFactory for 'Falagard/SystemButton' WindowRenderers.
08/12/2011 11:58:48 (Std) 	WindowRendererFactory 'Falagard/SystemButton' added. (02E03E20)
08/12/2011 11:58:48 (Std) 	Created WindowRendererFactory for 'Falagard/TabButton' WindowRenderers.
08/12/2011 11:58:48 (Std) 	WindowRendererFactory 'Falagard/TabButton' added. (02E03FA0)
08/12/2011 11:58:48 (Std) 	Created WindowRendererFactory for 'Falagard/TabControl' WindowRenderers.
08/12/2011 11:58:48 (Std) 	WindowRendererFactory 'Falagard/TabControl' added. (02E04120)
08/12/2011 11:58:48 (Std) 	Created WindowRendererFactory for 'Falagard/Titlebar' WindowRenderers.
08/12/2011 11:58:48 (Std) 	WindowRendererFactory 'Falagard/Titlebar' added. (02E042A0)
08/12/2011 11:58:48 (Std) 	Created WindowRendererFactory for 'Falagard/ToggleButton' WindowRenderers.
08/12/2011 11:58:48 (Std) 	WindowRendererFactory 'Falagard/ToggleButton' added. (02E04420)
08/12/2011 11:58:48 (Std) 	Created WindowRendererFactory for 'Falagard/Tooltip' WindowRenderers.
08/12/2011 11:58:48 (Std) 	WindowRendererFactory 'Falagard/Tooltip' added. (02E045A0)
08/12/2011 11:58:48 (Std) 	Created WindowRendererFactory for 'Falagard/ItemListbox' WindowRenderers.
08/12/2011 11:58:48 (Std) 	WindowRendererFactory 'Falagard/ItemListbox' added. (02E04720)
08/12/2011 11:58:48 (Std) 	Created WindowRendererFactory for 'Falagard/Tree' WindowRenderers.
08/12/2011 11:58:48 (Std) 	WindowRendererFactory 'Falagard/Tree' added. (02E048A0)
08/12/2011 11:58:48 (Std) 	Creating falagard mapping for type 'WindowsLook/Button' using base type 'CEGUI/PushButton', window renderer 'Falagard/Button' Look'N'Feel 'WindowsLook/Button' and RenderEffect ''. (0025D4BC)
08/12/2011 11:58:48 (Std) 	Creating falagard mapping for type 'WindowsLook/Checkbox' using base type 'CEGUI/Checkbox', window renderer 'Falagard/ToggleButton' Look'N'Feel 'WindowsLook/Checkbox' and RenderEffect ''. (0025D4BC)
08/12/2011 11:58:48 (Std) 	Creating falagard mapping for type 'WindowsLook/IconButton' using base type 'CEGUI/PushButton', window renderer 'Falagard/Button' Look'N'Feel 'WindowsLook/IconButton' and RenderEffect ''. (0025D4BC)
08/12/2011 11:58:48 (Std) 	Creating falagard mapping for type 'WindowsLook/RadioButton' using base type 'CEGUI/RadioButton', window renderer 'Falagard/ToggleButton' Look'N'Feel 'WindowsLook/RadioButton' and RenderEffect ''. (0025D4BC)
08/12/2011 11:58:48 (Std) 	Creating falagard mapping for type 'WindowsLook/FrameWindow' using base type 'CEGUI/FrameWindow', window renderer 'Falagard/FrameWindow' Look'N'Feel 'WindowsLook/FrameWindow' and RenderEffect ''. (0025D4BC)
08/12/2011 11:58:48 (Std) 	Creating falagard mapping for type 'WindowsLook/Titlebar' using base type 'CEGUI/Titlebar', window renderer 'Falagard/Titlebar' Look'N'Feel 'WindowsLook/Titlebar' and RenderEffect ''. (0025D4BC)
08/12/2011 11:58:48 (Std) 	Creating falagard mapping for type 'WindowsLook/SystemButton' using base type 'CEGUI/PushButton', window renderer 'Falagard/Button' Look'N'Feel 'WindowsLook/SystemButton' and RenderEffect ''. (0025D4BC)
08/12/2011 11:58:48 (Std) 	Creating falagard mapping for type 'WindowsLook/Editbox' using base type 'CEGUI/Editbox', window renderer 'Falagard/Editbox' Look'N'Feel 'WindowsLook/Editbox' and RenderEffect ''. (0025D4BC)
08/12/2011 11:58:48 (Std) 	Creating falagard mapping for type 'WindowsLook/MultiLineEditbox' using base type 'CEGUI/MultiLineEditbox', window renderer 'Falagard/MultiLineEditbox' Look'N'Feel 'WindowsLook/MultiLineEditbox' and RenderEffect ''. (0025D4BC)
08/12/2011 11:58:48 (Std) 	Creating falagard mapping for type 'WindowsLook/Menubar' using base type 'CEGUI/Menubar', window renderer 'Falagard/Menubar' Look'N'Feel 'WindowsLook/Menubar' and RenderEffect ''. (0025D4BC)
08/12/2011 11:58:48 (Std) 	Creating falagard mapping for type 'WindowsLook/PopupMenu' using base type 'CEGUI/PopupMenu', window renderer 'Falagard/PopupMenu' Look'N'Feel 'WindowsLook/PopupMenu' and RenderEffect ''. (0025D4BC)
08/12/2011 11:58:48 (Std) 	Creating falagard mapping for type 'WindowsLook/MenuItem' using base type 'CEGUI/MenuItem', window renderer 'Falagard/MenuItem' Look'N'Feel 'WindowsLook/MenuItem' and RenderEffect ''. (0025D4BC)
08/12/2011 11:58:48 (Std) 	Creating falagard mapping for type 'WindowsLook/ProgressBar' using base type 'CEGUI/ProgressBar', window renderer 'Falagard/ProgressBar' Look'N'Feel 'WindowsLook/ProgressBar' and RenderEffect ''. (0025D4BC)
08/12/2011 11:58:48 (Std) 	Creating falagard mapping for type 'WindowsLook/VerticalScrollbar' using base type 'CEGUI/Scrollbar', window renderer 'Falagard/Scrollbar' Look'N'Feel 'WindowsLook/VerticalScrollbar' and RenderEffect ''. (0025D4BC)
08/12/2011 11:58:48 (Std) 	Creating falagard mapping for type 'WindowsLook/HorizontalScrollbar' using base type 'CEGUI/Scrollbar', window renderer 'Falagard/Scrollbar' Look'N'Feel 'WindowsLook/HorizontalScrollbar' and RenderEffect ''. (0025D4BC)
08/12/2011 11:58:48 (Std) 	Creating falagard mapping for type 'WindowsLook/VerticalScrollbarThumb' using base type 'CEGUI/Thumb', window renderer 'Falagard/Button' Look'N'Feel 'WindowsLook/VerticalScrollbarThumb' and RenderEffect ''. (0025D4BC)
08/12/2011 11:58:48 (Std) 	Creating falagard mapping for type 'WindowsLook/HorizontalScrollbarThumb' using base type 'CEGUI/Thumb', window renderer 'Falagard/Button' Look'N'Feel 'WindowsLook/HorizontalScrollbarThumb' and RenderEffect ''. (0025D4BC)
08/12/2011 11:58:48 (Std) 	Creating falagard mapping for type 'WindowsLook/TabButton' using base type 'CEGUI/TabButton', window renderer 'Falagard/TabButton' Look'N'Feel 'WindowsLook/TabButton' and RenderEffect ''. (0025D4BC)
08/12/2011 11:58:48 (Std) 	Creating falagard mapping for type 'WindowsLook/TabControl' using base type 'CEGUI/TabControl', window renderer 'Falagard/TabControl' Look'N'Feel 'WindowsLook/TabControl' and RenderEffect ''. (0025D4BC)
08/12/2011 11:58:48 (Std) 	Creating falagard mapping for type 'WindowsLook/TabContentPane' using base type 'DefaultWindow', window renderer 'Falagard/Default' Look'N'Feel 'WindowsLook/TabContentPane' and RenderEffect ''. (0025D4BC)
08/12/2011 11:58:48 (Std) 	Creating falagard mapping for type 'WindowsLook/TabButtonPane' using base type 'DefaultWindow', window renderer 'Falagard/Default' Look'N'Feel 'WindowsLook/TabButtonPane' and RenderEffect ''. (0025D4BC)
08/12/2011 11:58:48 (Std) 	Creating falagard mapping for type 'WindowsLook/ComboDropList' using base type 'CEGUI/ComboDropList', window renderer 'Falagard/Listbox' Look'N'Feel 'WindowsLook/ComboDropList' and RenderEffect ''. (0025D4BC)
08/12/2011 11:58:48 (Std) 	Creating falagard mapping for type 'WindowsLook/Combobox' using base type 'CEGUI/Combobox', window renderer 'Falagard/Default' Look'N'Feel 'WindowsLook/Combobox' and RenderEffect ''. (0025D4BC)
08/12/2011 11:58:48 (Std) 	Creating falagard mapping for type 'WindowsLook/Listbox' using base type 'CEGUI/Listbox', window renderer 'Falagard/Listbox' Look'N'Feel 'WindowsLook/Listbox' and RenderEffect ''. (0025D4BC)
08/12/2011 11:58:48 (Std) 	Creating falagard mapping for type 'WindowsLook/ListHeader' using base type 'CEGUI/ListHeader', window renderer 'Falagard/ListHeader' Look'N'Feel 'WindowsLook/ListHeader' and RenderEffect ''. (0025D4BC)
08/12/2011 11:58:48 (Std) 	Creating falagard mapping for type 'WindowsLook/ListHeaderSegment' using base type 'CEGUI/ListHeaderSegment', window renderer 'Falagard/ListHeaderSegment' Look'N'Feel 'WindowsLook/ListHeaderSegment' and RenderEffect ''. (0025D4BC)
08/12/2011 11:58:48 (Std) 	Creating falagard mapping for type 'WindowsLook/MultiColumnList' using base type 'CEGUI/MultiColumnList', window renderer 'Falagard/MultiColumnList' Look'N'Feel 'WindowsLook/MultiColumnList' and RenderEffect ''. (0025D4BC)
08/12/2011 11:58:48 (Std) 	Creating falagard mapping for type 'WindowsLook/Slider' using base type 'CEGUI/Slider', window renderer 'Falagard/Slider' Look'N'Feel 'WindowsLook/Slider' and RenderEffect ''. (0025D4BC)
08/12/2011 11:58:48 (Std) 	Creating falagard mapping for type 'WindowsLook/SliderThumb' using base type 'CEGUI/Thumb', window renderer 'Falagard/Button' Look'N'Feel 'WindowsLook/SliderThumb' and RenderEffect ''. (0025D4BC)
08/12/2011 11:58:48 (Std) 	Creating falagard mapping for type 'WindowsLook/ScrollablePane' using base type 'CEGUI/ScrollablePane', window renderer 'Falagard/ScrollablePane' Look'N'Feel 'WindowsLook/ScrollablePane' and RenderEffect ''. (0025D4BC)
08/12/2011 11:58:48 (Std) 	Creating falagard mapping for type 'WindowsLook/Spinner' using base type 'CEGUI/Spinner', window renderer 'Falagard/Default' Look'N'Feel 'WindowsLook/Spinner' and RenderEffect ''. (0025D4BC)
08/12/2011 11:58:48 (Std) 	Creating falagard mapping for type 'WindowsLook/Tooltip' using base type 'CEGUI/Tooltip', window renderer 'Falagard/Tooltip' Look'N'Feel 'WindowsLook/Tooltip' and RenderEffect ''. (0025D4BC)
08/12/2011 11:58:48 (Std) 	Creating falagard mapping for type 'WindowsLook/Static' using base type 'DefaultWindow', window renderer 'Falagard/Static' Look'N'Feel 'WindowsLook/Static' and RenderEffect ''. (0025D4BC)
08/12/2011 11:58:48 (Std) 	Creating falagard mapping for type 'WindowsLook/StaticImage' using base type 'DefaultWindow', window renderer 'Falagard/StaticImage' Look'N'Feel 'WindowsLook/StaticImage' and RenderEffect ''. (0025D4BC)
08/12/2011 11:58:48 (Std) 	Creating falagard mapping for type 'WindowsLook/StaticText' using base type 'DefaultWindow', window renderer 'Falagard/StaticText' Look'N'Feel 'WindowsLook/StaticText' and RenderEffect ''. (0025D4BC)
08/12/2011 11:58:48 (Std) 	Creating falagard mapping for type 'WindowsLook/ItemListbox' using base type 'CEGUI/ItemListbox', window renderer 'Falagard/ItemListbox' Look'N'Feel 'WindowsLook/ItemListbox' and RenderEffect ''. (0025D4BC)
08/12/2011 11:58:48 (Std) 	Creating falagard mapping for type 'WindowsLook/ListboxItem' using base type 'CEGUI/ItemEntry', window renderer 'Falagard/ItemEntry' Look'N'Feel 'WindowsLook/ListboxItem' and RenderEffect ''. (0025D4BC)
08/12/2011 11:58:48 (Std) 	Creating falagard mapping for type 'WindowsLook/GroupBox' using base type 'CEGUI/GroupBox', window renderer 'Falagard/Default' Look'N'Feel 'WindowsLook/GroupBox' and RenderEffect ''. (0025D4BC)
08/12/2011 11:58:48 (Std) 	Started creation of Font from XML specification:
08/12/2011 11:58:48 (Std) 	---- CEGUI font name: DejaVuSans-10
08/12/2011 11:58:48 (Std) 	----       Font type: FreeType
08/12/2011 11:58:48 (Std) 	----     Source file: DejaVuSans.ttf in resource group: (Default)
08/12/2011 11:58:48 (Std) 	---- Real point size: 10
