C:\USERS\FLOOBIEG\PROJECT-GRAVITY\PROJECT_GRAVITY\BIN\RELEASE\PROJECT_GRAVITY.EXE
C:\Users\FloobieG\Project-Gravity\Project_Gravity\bin\Release\Project_Gravity.exp
C:\Users\FloobieG\Project-Gravity\Project_Gravity\bin\Release\Project_Gravity.lib
C:\USERS\FLOOBIEG\PROJECT-GRAVITY\PROJECT_GRAVITY\OBJ\RELEASE\MAIN.OBJ
C:\USERS\FLOOBIEG\PROJECT-GRAVITY\PROJECT_GRAVITY\OBJ\RELEASE\PGFRAMELISTENER.OBJ
C:\USERS\FLOOBIEG\PROJECT-GRAVITY\PROJECT_GRAVITY\OBJ\RELEASE\PROJECT_GRAVITY.EXE.INTERMEDIATE.MANIFEST
C:\USERS\FLOOBIEG\PROJECT-GRAVITY\PROJECT_GRAVITY\OBJ\RELEASE\PROJECT_GRAVITY.OBJ
C:\USERS\FLOOBIEG\PROJECT-GRAVITY\PROJECT_GRAVITY\OBJ\RELEASE\PROJECT_GRAVITY.PCH
C:\USERS\FLOOBIEG\PROJECT-GRAVITY\PROJECT_GRAVITY\OBJ\RELEASE\PROJECT_GRAVITY.RES
C:\USERS\FLOOBIEG\PROJECT-GRAVITY\PROJECT_GRAVITY\OBJ\RELEASE\STDAFX.OBJ
C:\USERS\FLOOBIEG\PROJECT-GRAVITY\PROJECT_GRAVITY\OBJ\RELEASE\VC100.PDB
C:\USERS\SOPHIE\DOCUMENTS\PROJECT-GRAVITY\PROJECT_GRAVITY\BIN\RELEASE\PROJECT_GRAVITY.EXE
C:\Users\Sophie\Documents\Project-Gravity\Project_Gravity\bin\Release\Project_Gravity.exp
C:\Users\Sophie\Documents\Project-Gravity\Project_Gravity\bin\Release\Project_Gravity.lib
C:\USERS\SOPHIE\DOCUMENTS\PROJECT-GRAVITY\PROJECT_GRAVITY\OBJ\RELEASE\MAIN.OBJ
C:\USERS\SOPHIE\DOCUMENTS\PROJECT-GRAVITY\PROJECT_GRAVITY\OBJ\RELEASE\PGFRAMELISTENER.OBJ
C:\USERS\SOPHIE\DOCUMENTS\PROJECT-GRAVITY\PROJECT_GRAVITY\OBJ\RELEASE\PROJECT_GRAVITY.EXE.INTERMEDIATE.MANIFEST
C:\USERS\SOPHIE\DOCUMENTS\PROJECT-GRAVITY\PROJECT_GRAVITY\OBJ\RELEASE\PROJECT_GRAVITY.OBJ
C:\USERS\SOPHIE\DOCUMENTS\PROJECT-GRAVITY\PROJECT_GRAVITY\OBJ\RELEASE\PROJECT_GRAVITY.PCH
C:\USERS\SOPHIE\DOCUMENTS\PROJECT-GRAVITY\PROJECT_GRAVITY\OBJ\RELEASE\PROJECT_GRAVITY.RES
C:\USERS\SOPHIE\DOCUMENTS\PROJECT-GRAVITY\PROJECT_GRAVITY\OBJ\RELEASE\STDAFX.OBJ
C:\USERS\SOPHIE\DOCUMENTS\PROJECT-GRAVITY\PROJECT_GRAVITY\OBJ\RELEASE\VC100.PDB
E:\NEW FOLDER\PROJECT-GRAVITY\PROJECT_GRAVITY\BIN\RELEASE\PROJECT_GRAVITY.EXE
E:\New folder\Project-Gravity\Project_Gravity\bin\Release\Project_Gravity.exp
E:\New folder\Project-Gravity\Project_Gravity\bin\Release\Project_Gravity.lib
E:\New folder\Project-Gravity\Project_Gravity\obj\Release\cl.command.1.tlog
E:\New folder\Project-Gravity\Project_Gravity\obj\Release\CL.read.1.tlog
E:\New folder\Project-Gravity\Project_Gravity\obj\Release\CL.write.1.tlog
E:\New folder\Project-Gravity\Project_Gravity\obj\Release\link.command.1.tlog
E:\New folder\Project-Gravity\Project_Gravity\obj\Release\link.read.1.tlog
E:\New folder\Project-Gravity\Project_Gravity\obj\Release\link.write.1.tlog
E:\New folder\Project-Gravity\Project_Gravity\obj\Release\link-cvtres.read.1.tlog
E:\New folder\Project-Gravity\Project_Gravity\obj\Release\link-cvtres.write.1.tlog
E:\NEW FOLDER\PROJECT-GRAVITY\PROJECT_GRAVITY\OBJ\RELEASE\MAIN.OBJ
E:\New folder\Project-Gravity\Project_Gravity\obj\Release\mt.command.1.tlog
E:\New folder\Project-Gravity\Project_Gravity\obj\Release\mt.read.1.tlog
E:\New folder\Project-Gravity\Project_Gravity\obj\Release\mt.write.1.tlog
E:\NEW FOLDER\PROJECT-GRAVITY\PROJECT_GRAVITY\OBJ\RELEASE\PGFRAMELISTENER.OBJ
E:\New folder\Project-Gravity\Project_Gravity\obj\Release\Project_Gravity.exe.intermediate.manifest
E:\NEW FOLDER\PROJECT-GRAVITY\PROJECT_GRAVITY\OBJ\RELEASE\PROJECT_GRAVITY.OBJ
E:\NEW FOLDER\PROJECT-GRAVITY\PROJECT_GRAVITY\OBJ\RELEASE\PROJECT_GRAVITY.PCH
E:\NEW FOLDER\PROJECT-GRAVITY\PROJECT_GRAVITY\OBJ\RELEASE\PROJECT_GRAVITY.RES
E:\New folder\Project-Gravity\Project_Gravity\obj\Release\Project_Gravity.write.1.tlog
E:\New folder\Project-Gravity\Project_Gravity\obj\Release\rc.command.1.tlog
E:\New folder\Project-Gravity\Project_Gravity\obj\Release\rc.read.1.tlog
E:\New folder\Project-Gravity\Project_Gravity\obj\Release\rc.write.1.tlog
E:\NEW FOLDER\PROJECT-GRAVITY\PROJECT_GRAVITY\OBJ\RELEASE\STDAFX.OBJ
E:\New folder\Project-Gravity\Project_Gravity\obj\Release\vc100.idb
E:\NEW FOLDER\PROJECT-GRAVITY\PROJECT_GRAVITY\OBJ\RELEASE\VC100.PDB
F:\PROJECT-GRAVITY\PROJECT_GRAVITY\BIN\RELEASE\PROJECT_GRAVITY.EXE
F:\Project-Gravity\Project_Gravity\bin\Release\Project_Gravity.exp
F:\Project-Gravity\Project_Gravity\bin\Release\Project_Gravity.lib
F:\PROJECT-GRAVITY\PROJECT_GRAVITY\OBJ\RELEASE\MAIN.OBJ
F:\PROJECT-GRAVITY\PROJECT_GRAVITY\OBJ\RELEASE\PGFRAMELISTENER.OBJ
F:\PROJECT-GRAVITY\PROJECT_GRAVITY\OBJ\RELEASE\PROJECT_GRAVITY.EXE.INTERMEDIATE.MANIFEST
F:\PROJECT-GRAVITY\PROJECT_GRAVITY\OBJ\RELEASE\PROJECT_GRAVITY.OBJ
F:\PROJECT-GRAVITY\PROJECT_GRAVITY\OBJ\RELEASE\PROJECT_GRAVITY.PCH
F:\PROJECT-GRAVITY\PROJECT_GRAVITY\OBJ\RELEASE\PROJECT_GRAVITY.RES
F:\PROJECT-GRAVITY\PROJECT_GRAVITY\OBJ\RELEASE\STDAFX.OBJ
F:\PROJECT-GRAVITY\PROJECT_GRAVITY\OBJ\RELEASE\VC100.PDB
