10:07:36: Creating resource group General
10:07:36: Creating resource group Internal
10:07:36: Creating resource group Autodetect
10:07:36: Registering ResourceManager for type Material
10:07:36: Registering ResourceManager for type Skeleton
10:07:36: Registering ResourceManager for type Mesh
10:07:36: Skeleton: Loading Palm2.skeleton
10:07:36: OGRE EXCEPTION(6:FileNotFoundException): Cannot locate resource Palm2.skeleton in resource group General or any other group. in ResourceGroupManager::openResource at ..\src\OgreResourceGroupManager.cpp (line 753)
10:07:36: Unable to load skeleton Palm2.skeleton for Mesh conversion. This Mesh will not be animated. You can ignore this message if you are using an offline tool.
10:07:36: MeshSerializer writing mesh data to Palm2.mesh...
10:07:36: File header written.
10:07:36: Writing mesh data...
10:07:36: Writing submesh...
10:07:36: Exporting submesh texture aliases...
10:07:36: Submesh texture aliases exported.
10:07:36: Submesh exported.
10:07:36: Writing submesh...
10:07:36: Exporting submesh texture aliases...
10:07:36: Submesh texture aliases exported.
10:07:36: Submesh exported.
10:07:36: Exporting skeleton link...
10:07:36: Skeleton link exported.
10:07:36: Exporting shared geometry bone assignments...
10:07:36: Shared geometry bone assignments exported.
10:07:36: Exporting bounds information....
10:07:36: Bounds information exported.
10:07:36: Exporting submesh name table...
10:07:36: Submesh name table exported.
10:07:36: Exporting edge lists...
10:07:36: Edge lists exported
10:07:36: Mesh data exported.
10:07:36: MeshSerializer export successful.
10:07:36: Unregistering ResourceManager for type Mesh
10:07:36: Unregistering ResourceManager for type Skeleton
10:07:36: Unregistering ResourceManager for type Material
