10/02/2012 18:08:39 (Std) 	+-+-+-+-+-+-+-+-+-+-+-+-+-+-+-+-+-+-+-+-+-+-+-+-+-+-+-+-+-+-+-+-+-+-+-+-+-+-+-+
10/02/2012 18:08:39 (Std) 	+                     Crazy Eddie's GUI System - Event log                    +
10/02/2012 18:08:39 (Std) 	+                          (http://www.cegui.org.uk/)                         +
10/02/2012 18:08:39 (Std) 	+-+-+-+-+-+-+-+-+-+-+-+-+-+-+-+-+-+-+-+-+-+-+-+-+-+-+-+-+-+-+-+-+-+-+-+-+-+-+-+

10/02/2012 18:08:39 (Std) 	CEGUI::Logger singleton created. (0412C0B0)
10/02/2012 18:08:39 (Std) 	
10/02/2012 18:08:39 (Std) 	********************************************************************************
10/02/2012 18:08:39 (Std) 	* Important:                                                                   *
10/02/2012 18:08:39 (Std) 	*     To get support at the CEGUI forums, you must post _at least_ the section *
10/02/2012 18:08:39 (Std) 	*     of this log file indicated below.  Failure to do this will result in no  *
10/02/2012 18:08:39 (Std) 	*     support being given; please do not waste our time.                       *
10/02/2012 18:08:39 (Std) 	********************************************************************************
10/02/2012 18:08:39 (Std) 	********************************************************************************
10/02/2012 18:08:39 (Std) 	* -------- START OF ESSENTIAL SECTION TO BE POSTED ON THE FORUM       -------- *
10/02/2012 18:08:39 (Std) 	********************************************************************************
10/02/2012 18:08:39 (Std) 	---- Version 0.7.5 (Build: Sep 29 2011 Debug Microsoft Windows MSVC++ 10.0 32 bit) ----
10/02/2012 18:08:39 (Std) 	---- Renderer module is: CEGUI::OgreRenderer - Official OGRE based 2nd generation renderer module. ----
10/02/2012 18:08:39 (Std) 	---- XML Parser module is: CEGUI::ExpatParser - Official expat based parser module for CEGUI ----
10/02/2012 18:08:39 (Std) 	---- Image Codec module is: OgreImageCodec - Integrated ImageCodec using the Ogre engine. ----
10/02/2012 18:08:39 (Std) 	---- Scripting module is: None ----
10/02/2012 18:08:39 (Std) 	********************************************************************************
10/02/2012 18:08:39 (Std) 	* -------- END OF ESSENTIAL SECTION TO BE POSTED ON THE FORUM         -------- *
10/02/2012 18:08:39 (Std) 	********************************************************************************
10/02/2012 18:08:39 (Std) 	
10/02/2012 18:08:39 (Std) 	---- Begining CEGUI System initialisation ----
10/02/2012 18:08:39 (Std) 	CEGUI::ImagesetManager singleton created (0412BF98)
10/02/2012 18:08:39 (Std) 	CEGUI::FontManager singleton created. (0412D488)
10/02/2012 18:08:39 (Std) 	CEGUI::WindowFactoryManager singleton created
10/02/2012 18:08:39 (Std) 	CEGUI::WindowManager singleton created (0412DE70)
10/02/2012 18:08:39 (Std) 	CEGUI::SchemeManager singleton created. (0412F218)
10/02/2012 18:08:39 (Std) 	CEGUI::MouseCursor singleton created. (0412F580)
10/02/2012 18:08:39 (Std) 	CEGUI::GlobalEventSet singleton created. (0412FFF8)
10/02/2012 18:08:39 (Std) 	CEGUI::AnimationManager singleton created (04130188)
10/02/2012 18:08:39 (Std) 	CEGUI::WidgetLookManager singleton created. (04130990)
10/02/2012 18:08:39 (Std) 	CEGUI::WindowRendererManager singleton created (04130AC8)
10/02/2012 18:08:39 (Std) 	CEGUI::RenderEffectManager singleton created (04131008)
10/02/2012 18:08:39 (Std) 	Created WindowFactory for 'DefaultWindow' windows.
10/02/2012 18:08:39 (Std) 	WindowFactory for 'DefaultWindow' windows added. (04131800)
10/02/2012 18:08:39 (Std) 	Created WindowFactory for 'DragContainer' windows.
10/02/2012 18:08:39 (Std) 	WindowFactory for 'DragContainer' windows added. (04131AA8)
10/02/2012 18:08:39 (Std) 	Created WindowFactory for 'ScrolledContainer' windows.
10/02/2012 18:08:39 (Std) 	WindowFactory for 'ScrolledContainer' windows added. (04131E38)
10/02/2012 18:08:39 (Std) 	Created WindowFactory for 'ClippedContainer' windows.
10/02/2012 18:08:39 (Std) 	WindowFactory for 'ClippedContainer' windows added. (04131FF8)
10/02/2012 18:08:39 (Std) 	Created WindowFactory for 'CEGUI/Checkbox' windows.
10/02/2012 18:08:39 (Std) 	WindowFactory for 'CEGUI/Checkbox' windows added. (04132208)
10/02/2012 18:08:39 (Std) 	Created WindowFactory for 'CEGUI/PushButton' windows.
10/02/2012 18:08:39 (Std) 	WindowFactory for 'CEGUI/PushButton' windows added. (041323C8)
10/02/2012 18:08:39 (Std) 	Created WindowFactory for 'CEGUI/RadioButton' windows.
10/02/2012 18:08:39 (Std) 	WindowFactory for 'CEGUI/RadioButton' windows added. (04132588)
10/02/2012 18:08:39 (Std) 	Created WindowFactory for 'CEGUI/Combobox' windows.
10/02/2012 18:08:39 (Std) 	WindowFactory for 'CEGUI/Combobox' windows added. (041327A8)
10/02/2012 18:08:39 (Std) 	Created WindowFactory for 'CEGUI/ComboDropList' windows.
10/02/2012 18:08:39 (Std) 	WindowFactory for 'CEGUI/ComboDropList' windows added. (04132968)
10/02/2012 18:08:39 (Std) 	Created WindowFactory for 'CEGUI/Editbox' windows.
10/02/2012 18:08:39 (Std) 	WindowFactory for 'CEGUI/Editbox' windows added. (04132B28)
10/02/2012 18:08:39 (Std) 	Created WindowFactory for 'CEGUI/FrameWindow' windows.
10/02/2012 18:08:39 (Std) 	WindowFactory for 'CEGUI/FrameWindow' windows added. (04132CE8)
10/02/2012 18:08:39 (Std) 	Created WindowFactory for 'CEGUI/ItemEntry' windows.
10/02/2012 18:08:39 (Std) 	WindowFactory for 'CEGUI/ItemEntry' windows added. (04132EA8)
10/02/2012 18:08:39 (Std) 	Created WindowFactory for 'CEGUI/Listbox' windows.
10/02/2012 18:08:39 (Std) 	WindowFactory for 'CEGUI/Listbox' windows added. (04133068)
10/02/2012 18:08:39 (Std) 	Created WindowFactory for 'CEGUI/ListHeader' windows.
10/02/2012 18:08:39 (Std) 	WindowFactory for 'CEGUI/ListHeader' windows added. (04133228)
10/02/2012 18:08:39 (Std) 	Created WindowFactory for 'CEGUI/ListHeaderSegment' windows.
10/02/2012 18:08:39 (Std) 	WindowFactory for 'CEGUI/ListHeaderSegment' windows added. (04133470)
10/02/2012 18:08:39 (Std) 	Created WindowFactory for 'CEGUI/Menubar' windows.
10/02/2012 18:08:39 (Std) 	WindowFactory for 'CEGUI/Menubar' windows added. (04133700)
10/02/2012 18:08:39 (Std) 	Created WindowFactory for 'CEGUI/PopupMenu' windows.
10/02/2012 18:08:39 (Std) 	WindowFactory for 'CEGUI/PopupMenu' windows added. (04133960)
10/02/2012 18:08:39 (Std) 	Created WindowFactory for 'CEGUI/MenuItem' windows.
10/02/2012 18:08:39 (Std) 	WindowFactory for 'CEGUI/MenuItem' windows added. (04133BC0)
10/02/2012 18:08:39 (Std) 	Created WindowFactory for 'CEGUI/MultiColumnList' windows.
10/02/2012 18:08:39 (Std) 	WindowFactory for 'CEGUI/MultiColumnList' windows added. (04133D80)
10/02/2012 18:08:39 (Std) 	Created WindowFactory for 'CEGUI/MultiLineEditbox' windows.
10/02/2012 18:08:39 (Std) 	WindowFactory for 'CEGUI/MultiLineEditbox' windows added. (04133F40)
10/02/2012 18:08:39 (Std) 	Created WindowFactory for 'CEGUI/ProgressBar' windows.
10/02/2012 18:08:39 (Std) 	WindowFactory for 'CEGUI/ProgressBar' windows added. (04134100)
10/02/2012 18:08:39 (Std) 	Created WindowFactory for 'CEGUI/ScrollablePane' windows.
10/02/2012 18:08:39 (Std) 	WindowFactory for 'CEGUI/ScrollablePane' windows added. (041342C0)
10/02/2012 18:08:39 (Std) 	Created WindowFactory for 'CEGUI/Scrollbar' windows.
10/02/2012 18:08:39 (Std) 	WindowFactory for 'CEGUI/Scrollbar' windows added. (04134480)
10/02/2012 18:08:39 (Std) 	Created WindowFactory for 'CEGUI/Slider' windows.
10/02/2012 18:08:39 (Std) 	WindowFactory for 'CEGUI/Slider' windows added. (04134640)
10/02/2012 18:08:39 (Std) 	Created WindowFactory for 'CEGUI/Spinner' windows.
10/02/2012 18:08:39 (Std) 	WindowFactory for 'CEGUI/Spinner' windows added. (04134800)
10/02/2012 18:08:39 (Std) 	Created WindowFactory for 'CEGUI/TabButton' windows.
10/02/2012 18:08:39 (Std) 	WindowFactory for 'CEGUI/TabButton' windows added. (041349C0)
10/02/2012 18:08:39 (Std) 	Created WindowFactory for 'CEGUI/TabControl' windows.
10/02/2012 18:08:39 (Std) 	WindowFactory for 'CEGUI/TabControl' windows added. (04134B80)
10/02/2012 18:08:39 (Std) 	Created WindowFactory for 'CEGUI/Thumb' windows.
10/02/2012 18:08:39 (Std) 	WindowFactory for 'CEGUI/Thumb' windows added. (04134D40)
10/02/2012 18:08:39 (Std) 	Created WindowFactory for 'CEGUI/Titlebar' windows.
10/02/2012 18:08:39 (Std) 	WindowFactory for 'CEGUI/Titlebar' windows added. (04134F00)
10/02/2012 18:08:39 (Std) 	Created WindowFactory for 'CEGUI/Tooltip' windows.
10/02/2012 18:08:39 (Std) 	WindowFactory for 'CEGUI/Tooltip' windows added. (0A239ED0)
10/02/2012 18:08:39 (Std) 	Created WindowFactory for 'CEGUI/ItemListbox' windows.
10/02/2012 18:08:39 (Std) 	WindowFactory for 'CEGUI/ItemListbox' windows added. (0A23A090)
10/02/2012 18:08:39 (Std) 	Created WindowFactory for 'CEGUI/GroupBox' windows.
10/02/2012 18:08:39 (Std) 	WindowFactory for 'CEGUI/GroupBox' windows added. (0A23A250)
10/02/2012 18:08:39 (Std) 	Created WindowFactory for 'CEGUI/Tree' windows.
10/02/2012 18:08:39 (Std) 	WindowFactory for 'CEGUI/Tree' windows added. (0A23A410)
10/02/2012 18:08:39 (Std) 	Created WindowFactory for 'HorizontalLayoutContainer' windows.
10/02/2012 18:08:39 (Std) 	WindowFactory for 'HorizontalLayoutContainer' windows added. (0A23A5D0)
10/02/2012 18:08:39 (Std) 	Created WindowFactory for 'VerticalLayoutContainer' windows.
10/02/2012 18:08:39 (Std) 	WindowFactory for 'VerticalLayoutContainer' windows added. (0A23A790)
10/02/2012 18:08:39 (Std) 	Created WindowFactory for 'GridLayoutContainer' windows.
10/02/2012 18:08:39 (Std) 	WindowFactory for 'GridLayoutContainer' windows added. (0A23A950)
10/02/2012 18:08:39 (Std) 	Window type alias named 'DefaultGUISheet' added for window type 'DefaultWindow'.
10/02/2012 18:08:39 (Std) 	CEGUI::System singleton created. (0412BC08)
10/02/2012 18:08:39 (Std) 	---- CEGUI System initialisation completed ----
10/02/2012 18:08:39 (Std) 	
10/02/2012 18:08:39 (Std) 	Started creation of Scheme from XML specification:
10/02/2012 18:08:39 (Std) 	---- CEGUI GUIScheme name: WindowsLookSkin
10/02/2012 18:08:39 (Std) 	Started creation of Imageset from XML specification:
10/02/2012 18:08:39 (Std) 	---- CEGUI Imageset name: WindowsLook
10/02/2012 18:08:39 (Std) 	---- Source texture file: WindowsLook.tga in resource group: (Default)
10/02/2012 18:08:40 (Std) 	===== Falagard 'root' element: look and feel parsing begins =====
10/02/2012 18:08:40 (Std) 	===== Look and feel parsing completed =====
10/02/2012 18:08:40 (Std) 	No window renderer factories specified for module 'CEGUIFalagardWRBase' - adding all available factories...
10/02/2012 18:08:40 (Std) 	Created WindowRendererFactory for 'Falagard/Button' WindowRenderers.
10/02/2012 18:08:40 (Std) 	WindowRendererFactory 'Falagard/Button' added. (0A24FD00)
10/02/2012 18:08:40 (Std) 	Created WindowRendererFactory for 'Falagard/Default' WindowRenderers.
10/02/2012 18:08:40 (Std) 	WindowRendererFactory 'Falagard/Default' added. (0A36E0F8)
10/02/2012 18:08:40 (Std) 	Created WindowRendererFactory for 'Falagard/Editbox' WindowRenderers.
10/02/2012 18:08:40 (Std) 	WindowRendererFactory 'Falagard/Editbox' added. (0A24E008)
10/02/2012 18:08:40 (Std) 	Created WindowRendererFactory for 'Falagard/FrameWindow' WindowRenderers.
10/02/2012 18:08:40 (Std) 	WindowRendererFactory 'Falagard/FrameWindow' added. (0A23B3D8)
10/02/2012 18:08:40 (Std) 	Created WindowRendererFactory for 'Falagard/ItemEntry' WindowRenderers.
10/02/2012 18:08:40 (Std) 	WindowRendererFactory 'Falagard/ItemEntry' added. (0BA8B700)
10/02/2012 18:08:40 (Std) 	Created WindowRendererFactory for 'Falagard/ListHeader' WindowRenderers.
10/02/2012 18:08:40 (Std) 	WindowRendererFactory 'Falagard/ListHeader' added. (0A367F78)
10/02/2012 18:08:40 (Std) 	Created WindowRendererFactory for 'Falagard/ListHeaderSegment' WindowRenderers.
10/02/2012 18:08:40 (Std) 	WindowRendererFactory 'Falagard/ListHeaderSegment' added. (0A23C1A0)
10/02/2012 18:08:40 (Std) 	Created WindowRendererFactory for 'Falagard/Listbox' WindowRenderers.
10/02/2012 18:08:40 (Std) 	WindowRendererFactory 'Falagard/Listbox' added. (0A36C220)
10/02/2012 18:08:40 (Std) 	Created WindowRendererFactory for 'Falagard/Menubar' WindowRenderers.
10/02/2012 18:08:40 (Std) 	WindowRendererFactory 'Falagard/Menubar' added. (0A36DED8)
10/02/2012 18:08:40 (Std) 	Created WindowRendererFactory for 'Falagard/MenuItem' WindowRenderers.
10/02/2012 18:08:40 (Std) 	WindowRendererFactory 'Falagard/MenuItem' added. (0A24E388)
10/02/2012 18:08:40 (Std) 	Created WindowRendererFactory for 'Falagard/MultiColumnList' WindowRenderers.
10/02/2012 18:08:40 (Std) 	WindowRendererFactory 'Falagard/MultiColumnList' added. (0A3A93C0)
10/02/2012 18:08:40 (Std) 	Created WindowRendererFactory for 'Falagard/MultiLineEditbox' WindowRenderers.
10/02/2012 18:08:40 (Std) 	WindowRendererFactory 'Falagard/MultiLineEditbox' added. (0A36E278)
10/02/2012 18:08:40 (Std) 	Created WindowRendererFactory for 'Falagard/PopupMenu' WindowRenderers.
10/02/2012 18:08:40 (Std) 	WindowRendererFactory 'Falagard/PopupMenu' added. (0BA84E00)
10/02/2012 18:08:40 (Std) 	Created WindowRendererFactory for 'Falagard/ProgressBar' WindowRenderers.
10/02/2012 18:08:40 (Std) 	WindowRendererFactory 'Falagard/ProgressBar' added. (0BA850E8)
10/02/2012 18:08:40 (Std) 	Created WindowRendererFactory for 'Falagard/ScrollablePane' WindowRenderers.
10/02/2012 18:08:40 (Std) 	WindowRendererFactory 'Falagard/ScrollablePane' added. (0BA851C0)
10/02/2012 18:08:40 (Std) 	Created WindowRendererFactory for 'Falagard/Scrollbar' WindowRenderers.
10/02/2012 18:08:40 (Std) 	WindowRendererFactory 'Falagard/Scrollbar' added. (0A23F678)
10/02/2012 18:08:40 (Std) 	Created WindowRendererFactory for 'Falagard/Slider' WindowRenderers.
10/02/2012 18:08:40 (Std) 	WindowRendererFactory 'Falagard/Slider' added. (0BA87618)
10/02/2012 18:08:40 (Std) 	Created WindowRendererFactory for 'Falagard/Static' WindowRenderers.
10/02/2012 18:08:40 (Std) 	WindowRendererFactory 'Falagard/Static' added. (0A25DBD8)
10/02/2012 18:08:40 (Std) 	Created WindowRendererFactory for 'Falagard/StaticImage' WindowRenderers.
10/02/2012 18:08:40 (Std) 	WindowRendererFactory 'Falagard/StaticImage' added. (0A25DD98)
10/02/2012 18:08:40 (Std) 	Created WindowRendererFactory for 'Falagard/StaticText' WindowRenderers.
10/02/2012 18:08:40 (Std) 	WindowRendererFactory 'Falagard/StaticText' added. (0A25DF58)
10/02/2012 18:08:40 (Std) 	Created WindowRendererFactory for 'Falagard/SystemButton' WindowRenderers.
10/02/2012 18:08:40 (Std) 	WindowRendererFactory 'Falagard/SystemButton' added. (0A25E118)
10/02/2012 18:08:40 (Std) 	Created WindowRendererFactory for 'Falagard/TabButton' WindowRenderers.
10/02/2012 18:08:40 (Std) 	WindowRendererFactory 'Falagard/TabButton' added. (0A25E2D8)
10/02/2012 18:08:40 (Std) 	Created WindowRendererFactory for 'Falagard/TabControl' WindowRenderers.
10/02/2012 18:08:40 (Std) 	WindowRendererFactory 'Falagard/TabControl' added. (0BA8EE50)
10/02/2012 18:08:40 (Std) 	Created WindowRendererFactory for 'Falagard/Titlebar' WindowRenderers.
10/02/2012 18:08:40 (Std) 	WindowRendererFactory 'Falagard/Titlebar' added. (0BA8F010)
10/02/2012 18:08:40 (Std) 	Created WindowRendererFactory for 'Falagard/ToggleButton' WindowRenderers.
10/02/2012 18:08:40 (Std) 	WindowRendererFactory 'Falagard/ToggleButton' added. (0BA8F1D0)
10/02/2012 18:08:40 (Std) 	Created WindowRendererFactory for 'Falagard/Tooltip' WindowRenderers.
10/02/2012 18:08:40 (Std) 	WindowRendererFactory 'Falagard/Tooltip' added. (0BA8F390)
10/02/2012 18:08:40 (Std) 	Created WindowRendererFactory for 'Falagard/ItemListbox' WindowRenderers.
10/02/2012 18:08:40 (Std) 	WindowRendererFactory 'Falagard/ItemListbox' added. (0BA8F550)
10/02/2012 18:08:40 (Std) 	Created WindowRendererFactory for 'Falagard/Tree' WindowRenderers.
10/02/2012 18:08:40 (Std) 	WindowRendererFactory 'Falagard/Tree' added. (0BA8F710)
10/02/2012 18:08:40 (Std) 	Creating falagard mapping for type 'WindowsLook/Button' using base type 'CEGUI/PushButton', window renderer 'Falagard/Button' Look'N'Feel 'WindowsLook/Button' and RenderEffect ''. (001DBC0C)
10/02/2012 18:08:40 (Std) 	Creating falagard mapping for type 'WindowsLook/Checkbox' using base type 'CEGUI/Checkbox', window renderer 'Falagard/ToggleButton' Look'N'Feel 'WindowsLook/Checkbox' and RenderEffect ''. (001DBC0C)
10/02/2012 18:08:40 (Std) 	Creating falagard mapping for type 'WindowsLook/IconButton' using base type 'CEGUI/PushButton', window renderer 'Falagard/Button' Look'N'Feel 'WindowsLook/IconButton' and RenderEffect ''. (001DBC0C)
10/02/2012 18:08:40 (Std) 	Creating falagard mapping for type 'WindowsLook/RadioButton' using base type 'CEGUI/RadioButton', window renderer 'Falagard/ToggleButton' Look'N'Feel 'WindowsLook/RadioButton' and RenderEffect ''. (001DBC0C)
10/02/2012 18:08:40 (Std) 	Creating falagard mapping for type 'WindowsLook/FrameWindow' using base type 'CEGUI/FrameWindow', window renderer 'Falagard/FrameWindow' Look'N'Feel 'WindowsLook/FrameWindow' and RenderEffect ''. (001DBC0C)
10/02/2012 18:08:40 (Std) 	Creating falagard mapping for type 'WindowsLook/Titlebar' using base type 'CEGUI/Titlebar', window renderer 'Falagard/Titlebar' Look'N'Feel 'WindowsLook/Titlebar' and RenderEffect ''. (001DBC0C)
10/02/2012 18:08:40 (Std) 	Creating falagard mapping for type 'WindowsLook/SystemButton' using base type 'CEGUI/PushButton', window renderer 'Falagard/Button' Look'N'Feel 'WindowsLook/SystemButton' and RenderEffect ''. (001DBC0C)
10/02/2012 18:08:40 (Std) 	Creating falagard mapping for type 'WindowsLook/Editbox' using base type 'CEGUI/Editbox', window renderer 'Falagard/Editbox' Look'N'Feel 'WindowsLook/Editbox' and RenderEffect ''. (001DBC0C)
10/02/2012 18:08:40 (Std) 	Creating falagard mapping for type 'WindowsLook/MultiLineEditbox' using base type 'CEGUI/MultiLineEditbox', window renderer 'Falagard/MultiLineEditbox' Look'N'Feel 'WindowsLook/MultiLineEditbox' and RenderEffect ''. (001DBC0C)
10/02/2012 18:08:40 (Std) 	Creating falagard mapping for type 'WindowsLook/Menubar' using base type 'CEGUI/Menubar', window renderer 'Falagard/Menubar' Look'N'Feel 'WindowsLook/Menubar' and RenderEffect ''. (001DBC0C)
10/02/2012 18:08:40 (Std) 	Creating falagard mapping for type 'WindowsLook/PopupMenu' using base type 'CEGUI/PopupMenu', window renderer 'Falagard/PopupMenu' Look'N'Feel 'WindowsLook/PopupMenu' and RenderEffect ''. (001DBC0C)
10/02/2012 18:08:40 (Std) 	Creating falagard mapping for type 'WindowsLook/MenuItem' using base type 'CEGUI/MenuItem', window renderer 'Falagard/MenuItem' Look'N'Feel 'WindowsLook/MenuItem' and RenderEffect ''. (001DBC0C)
10/02/2012 18:08:40 (Std) 	Creating falagard mapping for type 'WindowsLook/ProgressBar' using base type 'CEGUI/ProgressBar', window renderer 'Falagard/ProgressBar' Look'N'Feel 'WindowsLook/ProgressBar' and RenderEffect ''. (001DBC0C)
10/02/2012 18:08:40 (Std) 	Creating falagard mapping for type 'WindowsLook/VerticalScrollbar' using base type 'CEGUI/Scrollbar', window renderer 'Falagard/Scrollbar' Look'N'Feel 'WindowsLook/VerticalScrollbar' and RenderEffect ''. (001DBC0C)
10/02/2012 18:08:40 (Std) 	Creating falagard mapping for type 'WindowsLook/HorizontalScrollbar' using base type 'CEGUI/Scrollbar', window renderer 'Falagard/Scrollbar' Look'N'Feel 'WindowsLook/HorizontalScrollbar' and RenderEffect ''. (001DBC0C)
10/02/2012 18:08:40 (Std) 	Creating falagard mapping for type 'WindowsLook/VerticalScrollbarThumb' using base type 'CEGUI/Thumb', window renderer 'Falagard/Button' Look'N'Feel 'WindowsLook/VerticalScrollbarThumb' and RenderEffect ''. (001DBC0C)
10/02/2012 18:08:40 (Std) 	Creating falagard mapping for type 'WindowsLook/HorizontalScrollbarThumb' using base type 'CEGUI/Thumb', window renderer 'Falagard/Button' Look'N'Feel 'WindowsLook/HorizontalScrollbarThumb' and RenderEffect ''. (001DBC0C)
10/02/2012 18:08:40 (Std) 	Creating falagard mapping for type 'WindowsLook/TabButton' using base type 'CEGUI/TabButton', window renderer 'Falagard/TabButton' Look'N'Feel 'WindowsLook/TabButton' and RenderEffect ''. (001DBC0C)
10/02/2012 18:08:40 (Std) 	Creating falagard mapping for type 'WindowsLook/TabControl' using base type 'CEGUI/TabControl', window renderer 'Falagard/TabControl' Look'N'Feel 'WindowsLook/TabControl' and RenderEffect ''. (001DBC0C)
10/02/2012 18:08:40 (Std) 	Creating falagard mapping for type 'WindowsLook/TabContentPane' using base type 'DefaultWindow', window renderer 'Falagard/Default' Look'N'Feel 'WindowsLook/TabContentPane' and RenderEffect ''. (001DBC0C)
10/02/2012 18:08:40 (Std) 	Creating falagard mapping for type 'WindowsLook/TabButtonPane' using base type 'DefaultWindow', window renderer 'Falagard/Default' Look'N'Feel 'WindowsLook/TabButtonPane' and RenderEffect ''. (001DBC0C)
10/02/2012 18:08:40 (Std) 	Creating falagard mapping for type 'WindowsLook/ComboDropList' using base type 'CEGUI/ComboDropList', window renderer 'Falagard/Listbox' Look'N'Feel 'WindowsLook/ComboDropList' and RenderEffect ''. (001DBC0C)
10/02/2012 18:08:40 (Std) 	Creating falagard mapping for type 'WindowsLook/Combobox' using base type 'CEGUI/Combobox', window renderer 'Falagard/Default' Look'N'Feel 'WindowsLook/Combobox' and RenderEffect ''. (001DBC0C)
10/02/2012 18:08:40 (Std) 	Creating falagard mapping for type 'WindowsLook/Listbox' using base type 'CEGUI/Listbox', window renderer 'Falagard/Listbox' Look'N'Feel 'WindowsLook/Listbox' and RenderEffect ''. (001DBC0C)
10/02/2012 18:08:40 (Std) 	Creating falagard mapping for type 'WindowsLook/ListHeader' using base type 'CEGUI/ListHeader', window renderer 'Falagard/ListHeader' Look'N'Feel 'WindowsLook/ListHeader' and RenderEffect ''. (001DBC0C)
10/02/2012 18:08:40 (Std) 	Creating falagard mapping for type 'WindowsLook/ListHeaderSegment' using base type 'CEGUI/ListHeaderSegment', window renderer 'Falagard/ListHeaderSegment' Look'N'Feel 'WindowsLook/ListHeaderSegment' and RenderEffect ''. (001DBC0C)
10/02/2012 18:08:40 (Std) 	Creating falagard mapping for type 'WindowsLook/MultiColumnList' using base type 'CEGUI/MultiColumnList', window renderer 'Falagard/MultiColumnList' Look'N'Feel 'WindowsLook/MultiColumnList' and RenderEffect ''. (001DBC0C)
10/02/2012 18:08:40 (Std) 	Creating falagard mapping for type 'WindowsLook/Slider' using base type 'CEGUI/Slider', window renderer 'Falagard/Slider' Look'N'Feel 'WindowsLook/Slider' and RenderEffect ''. (001DBC0C)
10/02/2012 18:08:40 (Std) 	Creating falagard mapping for type 'WindowsLook/SliderThumb' using base type 'CEGUI/Thumb', window renderer 'Falagard/Button' Look'N'Feel 'WindowsLook/SliderThumb' and RenderEffect ''. (001DBC0C)
10/02/2012 18:08:40 (Std) 	Creating falagard mapping for type 'WindowsLook/ScrollablePane' using base type 'CEGUI/ScrollablePane', window renderer 'Falagard/ScrollablePane' Look'N'Feel 'WindowsLook/ScrollablePane' and RenderEffect ''. (001DBC0C)
10/02/2012 18:08:40 (Std) 	Creating falagard mapping for type 'WindowsLook/Spinner' using base type 'CEGUI/Spinner', window renderer 'Falagard/Default' Look'N'Feel 'WindowsLook/Spinner' and RenderEffect ''. (001DBC0C)
10/02/2012 18:08:40 (Std) 	Creating falagard mapping for type 'WindowsLook/Tooltip' using base type 'CEGUI/Tooltip', window renderer 'Falagard/Tooltip' Look'N'Feel 'WindowsLook/Tooltip' and RenderEffect ''. (001DBC0C)
10/02/2012 18:08:40 (Std) 	Creating falagard mapping for type 'WindowsLook/Static' using base type 'DefaultWindow', window renderer 'Falagard/Static' Look'N'Feel 'WindowsLook/Static' and RenderEffect ''. (001DBC0C)
10/02/2012 18:08:40 (Std) 	Creating falagard mapping for type 'WindowsLook/StaticImage' using base type 'DefaultWindow', window renderer 'Falagard/StaticImage' Look'N'Feel 'WindowsLook/StaticImage' and RenderEffect ''. (001DBC0C)
10/02/2012 18:08:40 (Std) 	Creating falagard mapping for type 'WindowsLook/StaticText' using base type 'DefaultWindow', window renderer 'Falagard/StaticText' Look'N'Feel 'WindowsLook/StaticText' and RenderEffect ''. (001DBC0C)
10/02/2012 18:08:40 (Std) 	Creating falagard mapping for type 'WindowsLook/ItemListbox' using base type 'CEGUI/ItemListbox', window renderer 'Falagard/ItemListbox' Look'N'Feel 'WindowsLook/ItemListbox' and RenderEffect ''. (001DBC0C)
10/02/2012 18:08:40 (Std) 	Creating falagard mapping for type 'WindowsLook/ListboxItem' using base type 'CEGUI/ItemEntry', window renderer 'Falagard/ItemEntry' Look'N'Feel 'WindowsLook/ListboxItem' and RenderEffect ''. (001DBC0C)
10/02/2012 18:08:40 (Std) 	Creating falagard mapping for type 'WindowsLook/GroupBox' using base type 'CEGUI/GroupBox', window renderer 'Falagard/Default' Look'N'Feel 'WindowsLook/GroupBox' and RenderEffect ''. (001DBC0C)
10/02/2012 18:08:40 (Std) 	Started creation of Font from XML specification:
10/02/2012 18:08:40 (Std) 	---- CEGUI font name: DejaVuSans-10
10/02/2012 18:08:40 (Std) 	----       Font type: FreeType
10/02/2012 18:08:40 (Std) 	----     Source file: DejaVuSans.ttf in resource group: (Default)
10/02/2012 18:08:40 (Std) 	---- Real point size: 10
