11:16:45: Creating resource group General
11:16:45: Creating resource group Internal
11:16:45: Creating resource group Autodetect
11:16:45: Registering ResourceManager for type Mesh
11:16:45: Registering ResourceManager for type Material
11:16:45: Registering ResourceManager for type Skeleton
11:16:45: XMLMeshSerializer reading mesh data from Coco.mesh.xml...
11:16:45: Reading geometry...
11:16:45: Geometry done...
11:16:45: Reading submeshes...
11:16:45: Submeshes done.
11:16:45: XMLMeshSerializer import successful.
11:16:45: Reorganising vertex buffers to automatic layout..
11:16:45: MeshSerializer writing mesh data to Coco.mesh...
11:16:45: File header written.
11:16:45: Writing mesh data...
11:16:45: Writing submesh...
11:16:45: Exporting submesh texture aliases...
11:16:45: Submesh texture aliases exported.
11:16:45: Submesh exported.
11:16:45: Exporting bounds information....
11:16:45: Bounds information exported.
11:16:45: Exporting submesh name table...
11:16:45: Submesh name table exported.
11:16:45: Exporting edge lists...
11:16:45: Edge lists exported
11:16:45: Mesh data exported.
11:16:45: MeshSerializer export successful.
11:16:45: Unregistering ResourceManager for type Skeleton
11:16:45: Unregistering ResourceManager for type Material
11:16:45: Unregistering ResourceManager for type Mesh
